# JRE version: OpenJDK Runtime Environment (8.0_76-b03) (build 1.8.0_76-release-b03)
# Java VM: OpenJDK 64-Bit Server VM (25.76-b03 mixed mode windows-amd64 compressed oops)
Heap:
 PSYoungGen      total 765440K, used 721070K [0x0000000715580000, 0x0000000760280000, 0x00000007c0000000)
  eden space 441344K, 96% used [0x0000000715580000,0x000000072f3918e8,0x0000000730480000)
  from space 324096K, 91% used [0x0000000746a80000,0x0000000758c99f70,0x000000075a700000)
  to   space 366592K, 0% used [0x0000000730480000,0x0000000730480000,0x0000000746a80000)
 ParOldGen       total 832000K, used 627792K [0x00000005c0000000, 0x00000005f2c80000, 0x0000000715580000)
  object space 832000K, 75% used [0x00000005c0000000,0x00000005e65140b0,0x00000005f2c80000)
 Metaspace       used 7015K, capacity 7608K, committed 7808K, reserved 1056768K
  class space    used 621K, capacity 624K, committed 640K, reserved 1048576K
GC Heap History (10 events):
Event: 44.085 GC heap before
{Heap before GC invocations=30 (full 6):
 PSYoungGen      total 564224K, used 497260K [0x0000000715580000, 0x0000000750a00000, 0x00000007c0000000)
  eden space 371712K, 100% used [0x0000000715580000,0x000000072c080000,0x000000072c080000)
  from space 192512K, 65% used [0x000000072c080000,0x0000000733b1b050,0x0000000737c80000)
  to   space 271360K, 0% used [0x0000000740100000,0x0000000740100000,0x0000000750a00000)
 ParOldGen       total 832000K, used 581434K [0x00000005c0000000, 0x00000005f2c80000, 0x0000000715580000)
  object space 832000K, 69% used [0x00000005c0000000,0x00000005e37ce988,0x00000005f2c80000)
 Metaspace       used 6647K, capacity 7282K, committed 7552K, reserved 1056768K
  class space    used 601K, capacity 618K, committed 640K, reserved 1048576K
Event: 44.507 GC heap after
Heap after GC invocations=30 (full 6):
 PSYoungGen      total 678400K, used 201598K [0x0000000715580000, 0x0000000752800000, 0x00000007c0000000)
  eden space 407040K, 0% used [0x0000000715580000,0x0000000715580000,0x000000072e300000)
  from space 271360K, 74% used [0x0000000740100000,0x000000074c5df9f0,0x0000000750a00000)
  to   space 292864K, 0% used [0x000000072e300000,0x000000072e300000,0x0000000740100000)
 ParOldGen       total 832000K, used 627784K [0x00000005c0000000, 0x00000005f2c80000, 0x0000000715580000)
  object space 832000K, 75% used [0x00000005c0000000,0x00000005e65120b0,0x00000005f2c80000)
 Metaspace       used 6647K, capacity 7282K, committed 7552K, reserved 1056768K
  class space    used 601K, capacity 618K, committed 640K, reserved 1048576K
}
Event: 45.838 GC heap before
{Heap before GC invocations=31 (full 6):
 PSYoungGen      total 678400K, used 608638K [0x0000000715580000, 0x0000000752800000, 0x00000007c0000000)
  eden space 407040K, 100% used [0x0000000715580000,0x000000072e300000,0x000000072e300000)
  from space 271360K, 74% used [0x0000000740100000,0x000000074c5df9f0,0x0000000750a00000)
  to   space 292864K, 0% used [0x000000072e300000,0x000000072e300000,0x0000000740100000)
 ParOldGen       total 832000K, used 627784K [0x00000005c0000000, 0x00000005f2c80000, 0x0000000715580000)
  object space 832000K, 75% used [0x00000005c0000000,0x00000005e65120b0,0x00000005f2c80000)
 Metaspace       used 6647K, capacity 7282K, committed 7552K, reserved 1056768K
  class space    used 601K, capacity 618K, committed 640K, reserved 1048576K
Event: 46.063 GC heap after
Heap after GC invocations=31 (full 6):
 PSYoungGen      total 699904K, used 179118K [0x0000000715580000, 0x0000000755380000, 0x00000007c0000000)
  eden space 407040K, 0% used [0x0000000715580000,0x0000000715580000,0x000000072e300000)
  from space 292864K, 61% used [0x000000072e300000,0x00000007391ebb38,0x0000000740100000)
  to   space 301056K, 0% used [0x0000000742d80000,0x0000000742d80000,0x0000000755380000)
 ParOldGen       total 832000K, used 627784K [0x00000005c0000000, 0x00000005f2c80000, 0x0000000715580000)
  object space 832000K, 75% used [0x00000005c0000000,0x00000005e65120b0,0x00000005f2c80000)
 Metaspace       used 6647K, capacity 7282K, committed 7552K, reserved 1056768K
  class space    used 601K, capacity 618K, committed 640K, reserved 1048576K
}
Event: 47.486 GC heap before
{Heap before GC invocations=32 (full 6):
 PSYoungGen      total 699904K, used 586158K [0x0000000715580000, 0x0000000755380000, 0x00000007c0000000)
  eden space 407040K, 100% used [0x0000000715580000,0x000000072e300000,0x000000072e300000)
  from space 292864K, 61% used [0x000000072e300000,0x00000007391ebb38,0x0000000740100000)
  to   space 301056K, 0% used [0x0000000742d80000,0x0000000742d80000,0x0000000755380000)
 ParOldGen       total 832000K, used 627784K [0x00000005c0000000, 0x00000005f2c80000, 0x0000000715580000)
  object space 832000K, 75% used [0x00000005c0000000,0x00000005e65120b0,0x00000005f2c80000)
 Metaspace       used 6647K, capacity 7282K, committed 7552K, reserved 1056768K
  class space    used 601K, capacity 618K, committed 640K, reserved 1048576K
Event: 47.667 GC heap after
Heap after GC invocations=32 (full 6):
 PSYoungGen      total 741376K, used 162826K [0x0000000715580000, 0x0000000755080000, 0x00000007c0000000)
  eden space 443392K, 0% used [0x0000000715580000,0x0000000715580000,0x0000000730680000)
  from space 297984K, 54% used [0x0000000742d80000,0x000000074cc82958,0x0000000755080000)
  to   space 300032K, 0% used [0x0000000730680000,0x0000000730680000,0x0000000742b80000)
 ParOldGen       total 832000K, used 627784K [0x00000005c0000000, 0x00000005f2c80000, 0x0000000715580000)
  object space 832000K, 75% used [0x00000005c0000000,0x00000005e65120b0,0x00000005f2c80000)
 Metaspace       used 6647K, capacity 7282K, committed 7552K, reserved 1056768K
  class space    used 601K, capacity 618K, committed 640K, reserved 1048576K
}
Event: 49.941 GC heap before
{Heap before GC invocations=33 (full 6):
 PSYoungGen      total 741376K, used 606218K [0x0000000715580000, 0x0000000755080000, 0x00000007c0000000)
  eden space 443392K, 100% used [0x0000000715580000,0x0000000730680000,0x0000000730680000)
  from space 297984K, 54% used [0x0000000742d80000,0x000000074cc82958,0x0000000755080000)
  to   space 300032K, 0% used [0x0000000730680000,0x0000000730680000,0x0000000742b80000)
 ParOldGen       total 832000K, used 627784K [0x00000005c0000000, 0x00000005f2c80000, 0x0000000715580000)
  object space 832000K, 75% used [0x00000005c0000000,0x00000005e65120b0,0x00000005f2c80000)
 Metaspace       used 6648K, capacity 7282K, committed 7552K, reserved 1056768K
  class space    used 601K, capacity 618K, committed 640K, reserved 1048576K
Event: 50.314 GC heap after
Heap after GC invocations=33 (full 6):
 PSYoungGen      total 743424K, used 233380K [0x0000000715580000, 0x000000075a700000, 0x00000007c0000000)
  eden space 443392K, 0% used [0x0000000715580000,0x0000000715580000,0x0000000730680000)
  from space 300032K, 77% used [0x0000000730680000,0x000000073ea690f0,0x0000000742b80000)
  to   space 324096K, 0% used [0x0000000746a80000,0x0000000746a80000,0x000000075a700000)
 ParOldGen       total 832000K, used 627784K [0x00000005c0000000, 0x00000005f2c80000, 0x0000000715580000)
  object space 832000K, 75% used [0x00000005c0000000,0x00000005e65120b0,0x00000005f2c80000)
 Metaspace       used 6648K, capacity 7282K, committed 7552K, reserved 1056768K
  class space    used 601K, capacity 618K, committed 640K, reserved 1048576K
}
Event: 51.647 GC heap before
{Heap before GC invocations=34 (full 6):
 PSYoungGen      total 743424K, used 676772K [0x0000000715580000, 0x000000075a700000, 0x00000007c0000000)
  eden space 443392K, 100% used [0x0000000715580000,0x0000000730680000,0x0000000730680000)
  from space 300032K, 77% used [0x0000000730680000,0x000000073ea690f0,0x0000000742b80000)
  to   space 324096K, 0% used [0x0000000746a80000,0x0000000746a80000,0x000000075a700000)
 ParOldGen       total 832000K, used 627784K [0x00000005c0000000, 0x00000005f2c80000, 0x0000000715580000)
  object space 832000K, 75% used [0x00000005c0000000,0x00000005e65120b0,0x00000005f2c80000)
 Metaspace       used 6715K, capacity 7350K, committed 7552K, reserved 1056768K
  class space    used 606K, capacity 622K, committed 640K, reserved 1048576K
Event: 52.278 GC heap after
Heap after GC invocations=34 (full 6):
 PSYoungGen      total 765440K, used 297063K [0x0000000715580000, 0x0000000760280000, 0x00000007c0000000)
  eden space 441344K, 0% used [0x0000000715580000,0x0000000715580000,0x0000000730480000)
  from space 324096K, 91% used [0x0000000746a80000,0x0000000758c99f70,0x000000075a700000)
  to   space 366592K, 0% used [0x0000000730480000,0x0000000730480000,0x0000000746a80000)
 ParOldGen       total 832000K, used 627792K [0x00000005c0000000, 0x00000005f2c80000, 0x0000000715580000)
  object space 832000K, 75% used [0x00000005c0000000,0x00000005e65140b0,0x00000005f2c80000)
 Metaspace       used 6715K, capacity 7350K, committed 7552K, reserved 1056768K
  class space    used 606K, capacity 622K, committed 640K, reserved 1048576K
}

