# JRE version: OpenJDK Runtime Environment (8.0_76-b03) (build 1.8.0_76-release-b03)
# Java VM: OpenJDK 64-Bit Server VM (25.76-b03 mixed mode windows-amd64 compressed oops)
Heap:
 PSYoungGen      total 515584K, used 166886K [0x0000000715580000, 0x000000074dc80000, 0x00000007c0000000)
  eden space 348672K, 0% used [0x0000000715580000,0x0000000715580000,0x000000072aa00000)
  from space 166912K, 99% used [0x0000000739880000,0x0000000743b79890,0x0000000743b80000)
  to   space 244224K, 0% used [0x000000072aa00000,0x000000072aa00000,0x0000000739880000)
 ParOldGen       total 544256K, used 543808K [0x00000005c0000000, 0x00000005e1380000, 0x0000000715580000)
  object space 544256K, 99% used [0x00000005c0000000,0x00000005e1310230,0x00000005e1380000)
 Metaspace       used 6637K, capacity 7282K, committed 7552K, reserved 1056768K
  class space    used 601K, capacity 618K, committed 640K, reserved 1048576K
GC Heap History (10 events):
Event: 33.532 GC heap after
Heap after GC invocations=23 (full 4):
 PSYoungGen      total 479232K, used 60577K [0x0000000715580000, 0x000000073bc80000, 0x00000007c0000000)
  eden space 366080K, 0% used [0x0000000715580000,0x0000000715580000,0x000000072bb00000)
  from space 113152K, 53% used [0x000000072bb00000,0x000000072f6285f8,0x0000000732980000)
  to   space 113152K, 0% used [0x0000000734e00000,0x0000000734e00000,0x000000073bc80000)
 ParOldGen       total 372224K, used 372117K [0x00000005c0000000, 0x00000005d6b80000, 0x0000000715580000)
  object space 372224K, 99% used [0x00000005c0000000,0x00000005d6b65540,0x00000005d6b80000)
 Metaspace       used 6625K, capacity 7282K, committed 7552K, reserved 1056768K
  class space    used 600K, capacity 618K, committed 640K, reserved 1048576K
}
Event: 33.532 GC heap before
{Heap before GC invocations=24 (full 5):
 PSYoungGen      total 479232K, used 60577K [0x0000000715580000, 0x000000073bc80000, 0x00000007c0000000)
  eden space 366080K, 0% used [0x0000000715580000,0x0000000715580000,0x000000072bb00000)
  from space 113152K, 53% used [0x000000072bb00000,0x000000072f6285f8,0x0000000732980000)
  to   space 113152K, 0% used [0x0000000734e00000,0x0000000734e00000,0x000000073bc80000)
 ParOldGen       total 372224K, used 372117K [0x00000005c0000000, 0x00000005d6b80000, 0x0000000715580000)
  object space 372224K, 99% used [0x00000005c0000000,0x00000005d6b65540,0x00000005d6b80000)
 Metaspace       used 6625K, capacity 7282K, committed 7552K, reserved 1056768K
  class space    used 600K, capacity 618K, committed 640K, reserved 1048576K
Event: 37.021 GC heap after
Heap after GC invocations=24 (full 5):
 PSYoungGen      total 479232K, used 53566K [0x0000000715580000, 0x000000073bc80000, 0x00000007c0000000)
  eden space 366080K, 0% used [0x0000000715580000,0x0000000715580000,0x000000072bb00000)
  from space 113152K, 47% used [0x000000072bb00000,0x000000072ef4fb70,0x0000000732980000)
  to   space 113152K, 0% used [0x0000000734e00000,0x0000000734e00000,0x000000073bc80000)
 ParOldGen       total 537088K, used 371752K [0x00000005c0000000, 0x00000005e0c80000, 0x0000000715580000)
  object space 537088K, 69% used [0x00000005c0000000,0x00000005d6b0a1a8,0x00000005e0c80000)
 Metaspace       used 6625K, capacity 7282K, committed 7552K, reserved 1056768K
  class space    used 600K, capacity 618K, committed 640K, reserved 1048576K
}
Event: 39.087 GC heap before
{Heap before GC invocations=25 (full 5):
 PSYoungGen      total 479232K, used 419646K [0x0000000715580000, 0x000000073bc80000, 0x00000007c0000000)
  eden space 366080K, 100% used [0x0000000715580000,0x000000072bb00000,0x000000072bb00000)
  from space 113152K, 47% used [0x000000072bb00000,0x000000072ef4fb70,0x0000000732980000)
  to   space 113152K, 0% used [0x0000000734e00000,0x0000000734e00000,0x000000073bc80000)
 ParOldGen       total 537088K, used 371752K [0x00000005c0000000, 0x00000005e0c80000, 0x0000000715580000)
  object space 537088K, 69% used [0x00000005c0000000,0x00000005d6b0a1a8,0x00000005e0c80000)
 Metaspace       used 6635K, capacity 7282K, committed 7552K, reserved 1056768K
  class space    used 601K, capacity 618K, committed 640K, reserved 1048576K
Event: 39.345 GC heap after
Heap after GC invocations=25 (full 5):
 PSYoungGen      total 499200K, used 108295K [0x0000000715580000, 0x000000073d980000, 0x00000007c0000000)
  eden space 386048K, 0% used [0x0000000715580000,0x0000000715580000,0x000000072ce80000)
  from space 113152K, 95% used [0x0000000734e00000,0x000000073b7c1e90,0x000000073bc80000)
  to   space 130560K, 0% used [0x000000072ce80000,0x000000072ce80000,0x0000000734e00000)
 ParOldGen       total 537088K, used 371752K [0x00000005c0000000, 0x00000005e0c80000, 0x0000000715580000)
  object space 537088K, 69% used [0x00000005c0000000,0x00000005d6b0a1a8,0x00000005e0c80000)
 Metaspace       used 6635K, capacity 7282K, committed 7552K, reserved 1056768K
  class space    used 601K, capacity 618K, committed 640K, reserved 1048576K
}
Event: 40.763 GC heap before
{Heap before GC invocations=26 (full 5):
 PSYoungGen      total 499200K, used 494343K [0x0000000715580000, 0x000000073d980000, 0x00000007c0000000)
  eden space 386048K, 100% used [0x0000000715580000,0x000000072ce80000,0x000000072ce80000)
  from space 113152K, 95% used [0x0000000734e00000,0x000000073b7c1e90,0x000000073bc80000)
  to   space 130560K, 0% used [0x000000072ce80000,0x000000072ce80000,0x0000000734e00000)
 ParOldGen       total 537088K, used 371752K [0x00000005c0000000, 0x00000005e0c80000, 0x0000000715580000)
  object space 537088K, 69% used [0x00000005c0000000,0x00000005d6b0a1a8,0x00000005e0c80000)
 Metaspace       used 6637K, capacity 7282K, committed 7552K, reserved 1056768K
  class space    used 601K, capacity 618K, committed 640K, reserved 1048576K
Event: 40.965 GC heap after
Heap after GC invocations=26 (full 5):
 PSYoungGen      total 516608K, used 130546K [0x0000000715580000, 0x0000000743b80000, 0x00000007c0000000)
  eden space 386048K, 0% used [0x0000000715580000,0x0000000715580000,0x000000072ce80000)
  from space 130560K, 99% used [0x000000072ce80000,0x0000000734dfc878,0x0000000734e00000)
  to   space 166912K, 0% used [0x0000000739880000,0x0000000739880000,0x0000000743b80000)
 ParOldGen       total 537088K, used 411369K [0x00000005c0000000, 0x00000005e0c80000, 0x0000000715580000)
  object space 537088K, 76% used [0x00000005c0000000,0x00000005d91ba678,0x00000005e0c80000)
 Metaspace       used 6637K, capacity 7282K, committed 7552K, reserved 1056768K
  class space    used 601K, capacity 618K, committed 640K, reserved 1048576K
}
Event: 42.533 GC heap before
{Heap before GC invocations=27 (full 5):
 PSYoungGen      total 516608K, used 516594K [0x0000000715580000, 0x0000000743b80000, 0x00000007c0000000)
  eden space 386048K, 100% used [0x0000000715580000,0x000000072ce80000,0x000000072ce80000)
  from space 130560K, 99% used [0x000000072ce80000,0x0000000734dfc878,0x0000000734e00000)
  to   space 166912K, 0% used [0x0000000739880000,0x0000000739880000,0x0000000743b80000)
 ParOldGen       total 537088K, used 411369K [0x00000005c0000000, 0x00000005e0c80000, 0x0000000715580000)
  object space 537088K, 76% used [0x00000005c0000000,0x00000005d91ba678,0x00000005e0c80000)
 Metaspace       used 6637K, capacity 7282K, committed 7552K, reserved 1056768K
  class space    used 601K, capacity 618K, committed 640K, reserved 1048576K
Event: 42.924 GC heap after
Heap after GC invocations=27 (full 5):
 PSYoungGen      total 515584K, used 166886K [0x0000000715580000, 0x000000074dc80000, 0x00000007c0000000)
  eden space 348672K, 0% used [0x0000000715580000,0x0000000715580000,0x000000072aa00000)
  from space 166912K, 99% used [0x0000000739880000,0x0000000743b79890,0x0000000743b80000)
  to   space 244224K, 0% used [0x000000072aa00000,0x000000072aa00000,0x0000000739880000)
 ParOldGen       total 544256K, used 543808K [0x00000005c0000000, 0x00000005e1380000, 0x0000000715580000)
  object space 544256K, 99% used [0x00000005c0000000,0x00000005e1310230,0x00000005e1380000)
 Metaspace       used 6637K, capacity 7282K, committed 7552K, reserved 1056768K
  class space    used 601K, capacity 618K, committed 640K, reserved 1048576K
}
Event: 42.924 GC heap before
{Heap before GC invocations=28 (full 6):
 PSYoungGen      total 515584K, used 166886K [0x0000000715580000, 0x000000074dc80000, 0x00000007c0000000)
  eden space 348672K, 0% used [0x0000000715580000,0x0000000715580000,0x000000072aa00000)
  from space 166912K, 99% used [0x0000000739880000,0x0000000743b79890,0x0000000743b80000)
  to   space 244224K, 0% used [0x000000072aa00000,0x000000072aa00000,0x0000000739880000)
 ParOldGen       total 544256K, used 543808K [0x00000005c0000000, 0x00000005e1380000, 0x0000000715580000)
  object space 544256K, 99% used [0x00000005c0000000,0x00000005e1310230,0x00000005e1380000)
 Metaspace       used 6637K, capacity 7282K, committed 7552K, reserved 1056768K
  class space    used 601K, capacity 618K, committed 640K, reserved 1048576K

