# JRE version: OpenJDK Runtime Environment (8.0_76-b03) (build 1.8.0_76-release-b03)
# Java VM: OpenJDK 64-Bit Server VM (25.76-b03 mixed mode windows-amd64 compressed oops)
Heap:
 PSYoungGen      total 453632K, used 54925K [0x0000000715580000, 0x000000073b380000, 0x00000007c0000000)
  eden space 360960K, 0% used [0x0000000715580000,0x0000000715580000,0x000000072b600000)
  from space 92672K, 59% used [0x000000072b600000,0x000000072eba36a8,0x0000000731080000)
  to   space 94720K, 0% used [0x0000000735700000,0x0000000735700000,0x000000073b380000)
 ParOldGen       total 299520K, used 270477K [0x00000005c0000000, 0x00000005d2480000, 0x0000000715580000)
  object space 299520K, 90% used [0x00000005c0000000,0x00000005d0823560,0x00000005d2480000)
 Metaspace       used 6597K, capacity 7282K, committed 7552K, reserved 1056768K
  class space    used 598K, capacity 618K, committed 640K, reserved 1048576K
GC Heap History (10 events):
Event: 11.174 GC heap after
Heap after GC invocations=14 (full 2):
 PSYoungGen      total 373760K, used 60900K [0x0000000715580000, 0x0000000732700000, 0x00000007c0000000)
  eden space 312832K, 0% used [0x0000000715580000,0x0000000715580000,0x0000000728700000)
  from space 60928K, 99% used [0x000000072cd80000,0x00000007308f9358,0x0000000730900000)
  to   space 72192K, 0% used [0x0000000728700000,0x0000000728700000,0x000000072cd80000)
 ParOldGen       total 157184K, used 122594K [0x00000005c0000000, 0x00000005c9980000, 0x0000000715580000)
  object space 157184K, 77% used [0x00000005c0000000,0x00000005c77b8a00,0x00000005c9980000)
 Metaspace       used 6579K, capacity 7282K, committed 7552K, reserved 1056768K
  class space    used 598K, capacity 618K, committed 640K, reserved 1048576K
}
Event: 12.804 GC heap before
{Heap before GC invocations=15 (full 2):
 PSYoungGen      total 373760K, used 373732K [0x0000000715580000, 0x0000000732700000, 0x00000007c0000000)
  eden space 312832K, 100% used [0x0000000715580000,0x0000000728700000,0x0000000728700000)
  from space 60928K, 99% used [0x000000072cd80000,0x00000007308f9358,0x0000000730900000)
  to   space 72192K, 0% used [0x0000000728700000,0x0000000728700000,0x000000072cd80000)
 ParOldGen       total 157184K, used 122594K [0x00000005c0000000, 0x00000005c9980000, 0x0000000715580000)
  object space 157184K, 77% used [0x00000005c0000000,0x00000005c77b8a00,0x00000005c9980000)
 Metaspace       used 6583K, capacity 7282K, committed 7552K, reserved 1056768K
  class space    used 598K, capacity 618K, committed 640K, reserved 1048576K
Event: 13.035 GC heap after
Heap after GC invocations=15 (full 2):
 PSYoungGen      total 385024K, used 46976K [0x0000000715580000, 0x0000000735a00000, 0x00000007c0000000)
  eden space 312832K, 0% used [0x0000000715580000,0x0000000715580000,0x0000000728700000)
  from space 72192K, 65% used [0x0000000728700000,0x000000072b4e0000,0x000000072cd80000)
  to   space 75264K, 0% used [0x0000000731080000,0x0000000731080000,0x0000000735a00000)
 ParOldGen       total 183296K, used 183104K [0x00000005c0000000, 0x00000005cb300000, 0x0000000715580000)
  object space 183296K, 99% used [0x00000005c0000000,0x00000005cb2d01a8,0x00000005cb300000)
 Metaspace       used 6583K, capacity 7282K, committed 7552K, reserved 1056768K
  class space    used 598K, capacity 618K, committed 640K, reserved 1048576K
}
Event: 13.035 GC heap before
{Heap before GC invocations=16 (full 3):
 PSYoungGen      total 385024K, used 46976K [0x0000000715580000, 0x0000000735a00000, 0x00000007c0000000)
  eden space 312832K, 0% used [0x0000000715580000,0x0000000715580000,0x0000000728700000)
  from space 72192K, 65% used [0x0000000728700000,0x000000072b4e0000,0x000000072cd80000)
  to   space 75264K, 0% used [0x0000000731080000,0x0000000731080000,0x0000000735a00000)
 ParOldGen       total 183296K, used 183104K [0x00000005c0000000, 0x00000005cb300000, 0x0000000715580000)
  object space 183296K, 99% used [0x00000005c0000000,0x00000005cb2d01a8,0x00000005cb300000)
 Metaspace       used 6583K, capacity 7282K, committed 7552K, reserved 1056768K
  class space    used 598K, capacity 618K, committed 640K, reserved 1048576K
Event: 14.675 GC heap after
Heap after GC invocations=16 (full 3):
 PSYoungGen      total 385024K, used 40936K [0x0000000715580000, 0x0000000735a00000, 0x00000007c0000000)
  eden space 312832K, 0% used [0x0000000715580000,0x0000000715580000,0x0000000728700000)
  from space 72192K, 56% used [0x0000000728700000,0x000000072aefa2d8,0x000000072cd80000)
  to   space 75264K, 0% used [0x0000000731080000,0x0000000731080000,0x0000000735a00000)
 ParOldGen       total 299520K, used 183158K [0x00000005c0000000, 0x00000005d2480000, 0x0000000715580000)
  object space 299520K, 61% used [0x00000005c0000000,0x00000005cb2dd9b8,0x00000005d2480000)
 Metaspace       used 6583K, capacity 7282K, committed 7552K, reserved 1056768K
  class space    used 598K, capacity 618K, committed 640K, reserved 1048576K
}
Event: 16.223 GC heap before
{Heap before GC invocations=17 (full 3):
 PSYoungGen      total 385024K, used 353768K [0x0000000715580000, 0x0000000735a00000, 0x00000007c0000000)
  eden space 312832K, 100% used [0x0000000715580000,0x0000000728700000,0x0000000728700000)
  from space 72192K, 56% used [0x0000000728700000,0x000000072aefa2d8,0x000000072cd80000)
  to   space 75264K, 0% used [0x0000000731080000,0x0000000731080000,0x0000000735a00000)
 ParOldGen       total 299520K, used 183158K [0x00000005c0000000, 0x00000005d2480000, 0x0000000715580000)
  object space 299520K, 61% used [0x00000005c0000000,0x00000005cb2dd9b8,0x00000005d2480000)
 Metaspace       used 6593K, capacity 7282K, committed 7552K, reserved 1056768K
  class space    used 598K, capacity 618K, committed 640K, reserved 1048576K
Event: 16.478 GC heap after
Heap after GC invocations=17 (full 3):
 PSYoungGen      total 436224K, used 75234K [0x0000000715580000, 0x0000000737500000, 0x00000007c0000000)
  eden space 360960K, 0% used [0x0000000715580000,0x0000000715580000,0x000000072b600000)
  from space 75264K, 99% used [0x0000000731080000,0x00000007359f89d0,0x0000000735a00000)
  to   space 92672K, 0% used [0x000000072b600000,0x000000072b600000,0x0000000731080000)
 ParOldGen       total 299520K, used 194874K [0x00000005c0000000, 0x00000005d2480000, 0x0000000715580000)
  object space 299520K, 65% used [0x00000005c0000000,0x00000005cbe4ebe8,0x00000005d2480000)
 Metaspace       used 6593K, capacity 7282K, committed 7552K, reserved 1056768K
  class space    used 598K, capacity 618K, committed 640K, reserved 1048576K
}
Event: 18.283 GC heap before
{Heap before GC invocations=18 (full 3):
 PSYoungGen      total 436224K, used 436194K [0x0000000715580000, 0x0000000737500000, 0x00000007c0000000)
  eden space 360960K, 100% used [0x0000000715580000,0x000000072b600000,0x000000072b600000)
  from space 75264K, 99% used [0x0000000731080000,0x00000007359f89d0,0x0000000735a00000)
  to   space 92672K, 0% used [0x000000072b600000,0x000000072b600000,0x0000000731080000)
 ParOldGen       total 299520K, used 194874K [0x00000005c0000000, 0x00000005d2480000, 0x0000000715580000)
  object space 299520K, 65% used [0x00000005c0000000,0x00000005cbe4ebe8,0x00000005d2480000)
 Metaspace       used 6597K, capacity 7282K, committed 7552K, reserved 1056768K
  class space    used 598K, capacity 618K, committed 640K, reserved 1048576K
Event: 18.542 GC heap after
Heap after GC invocations=18 (full 3):
 PSYoungGen      total 453632K, used 54925K [0x0000000715580000, 0x000000073b380000, 0x00000007c0000000)
  eden space 360960K, 0% used [0x0000000715580000,0x0000000715580000,0x000000072b600000)
  from space 92672K, 59% used [0x000000072b600000,0x000000072eba36a8,0x0000000731080000)
  to   space 94720K, 0% used [0x0000000735700000,0x0000000735700000,0x000000073b380000)
 ParOldGen       total 299520K, used 270477K [0x00000005c0000000, 0x00000005d2480000, 0x0000000715580000)
  object space 299520K, 90% used [0x00000005c0000000,0x00000005d0823560,0x00000005d2480000)
 Metaspace       used 6597K, capacity 7282K, committed 7552K, reserved 1056768K
  class space    used 598K, capacity 618K, committed 640K, reserved 1048576K
}
Event: 18.542 GC heap before
{Heap before GC invocations=19 (full 4):
 PSYoungGen      total 453632K, used 54925K [0x0000000715580000, 0x000000073b380000, 0x00000007c0000000)
  eden space 360960K, 0% used [0x0000000715580000,0x0000000715580000,0x000000072b600000)
  from space 92672K, 59% used [0x000000072b600000,0x000000072eba36a8,0x0000000731080000)
  to   space 94720K, 0% used [0x0000000735700000,0x0000000735700000,0x000000073b380000)
 ParOldGen       total 299520K, used 270477K [0x00000005c0000000, 0x00000005d2480000, 0x0000000715580000)
  object space 299520K, 90% used [0x00000005c0000000,0x00000005d0823560,0x00000005d2480000)
 Metaspace       used 6597K, capacity 7282K, committed 7552K, reserved 1056768K
  class space    used 598K, capacity 618K, committed 640K, reserved 1048576K

