# JRE version: OpenJDK Runtime Environment (8.0_76-b03) (build 1.8.0_76-release-b03)
# Java VM: OpenJDK 64-Bit Server VM (25.76-b03 mixed mode windows-amd64 compressed oops)
Heap:
 PSYoungGen      total 128512K, used 116795K [0x0000000715580000, 0x0000000722380000, 0x00000007c0000000)
  eden space 109056K, 100% used [0x0000000715580000,0x000000071c000000,0x000000071c000000)
  from space 19456K, 39% used [0x000000071e780000,0x000000071ef0ed58,0x000000071fa80000)
  to   space 40448K, 99% used [0x000000071c000000,0x000000071e77f048,0x000000071e780000)
 ParOldGen       total 125440K, used 108259K [0x00000005c0000000, 0x00000005c7a80000, 0x0000000715580000)
  object space 125440K, 86% used [0x00000005c0000000,0x00000005c69b8e08,0x00000005c7a80000)
 Metaspace       used 6337K, capacity 7090K, committed 7296K, reserved 1056768K
  class space    used 595K, capacity 618K, committed 640K, reserved 1048576K
GC Heap History (10 events):
Event: 7.945 GC heap after
Heap after GC invocations=5 (full 0):
 PSYoungGen      total 35328K, used 2544K [0x0000000715580000, 0x000000071a580000, 0x00000007c0000000)
  eden space 32768K, 0% used [0x0000000715580000,0x0000000715580000,0x0000000717580000)
  from space 2560K, 99% used [0x0000000717580000,0x00000007177fc010,0x0000000717800000)
  to   space 8192K, 0% used [0x0000000719d80000,0x0000000719d80000,0x000000071a580000)
 ParOldGen       total 44032K, used 11150K [0x00000005c0000000, 0x00000005c2b00000, 0x0000000715580000)
  object space 44032K, 25% used [0x00000005c0000000,0x00000005c0ae3888,0x00000005c2b00000)
 Metaspace       used 6167K, capacity 7088K, committed 7296K, reserved 1056768K
  class space    used 575K, capacity 616K, committed 640K, reserved 1048576K
}
Event: 8.517 GC heap before
{Heap before GC invocations=6 (full 0):
 PSYoungGen      total 35328K, used 35312K [0x0000000715580000, 0x000000071a580000, 0x00000007c0000000)
  eden space 32768K, 100% used [0x0000000715580000,0x0000000717580000,0x0000000717580000)
  from space 2560K, 99% used [0x0000000717580000,0x00000007177fc010,0x0000000717800000)
  to   space 8192K, 0% used [0x0000000719d80000,0x0000000719d80000,0x000000071a580000)
 ParOldGen       total 44032K, used 11150K [0x00000005c0000000, 0x00000005c2b00000, 0x0000000715580000)
  object space 44032K, 25% used [0x00000005c0000000,0x00000005c0ae3888,0x00000005c2b00000)
 Metaspace       used 6231K, capacity 7088K, committed 7296K, reserved 1056768K
  class space    used 575K, capacity 616K, committed 640K, reserved 1048576K
Event: 8.571 GC heap after
Heap after GC invocations=6 (full 0):
 PSYoungGen      total 73216K, used 7124K [0x0000000715580000, 0x000000071a680000, 0x00000007c0000000)
  eden space 65024K, 0% used [0x0000000715580000,0x0000000715580000,0x0000000719500000)
  from space 8192K, 86% used [0x0000000719d80000,0x000000071a475240,0x000000071a580000)
  to   space 8704K, 0% used [0x0000000719500000,0x0000000719500000,0x0000000719d80000)
 ParOldGen       total 44032K, used 11150K [0x00000005c0000000, 0x00000005c2b00000, 0x0000000715580000)
  object space 44032K, 25% used [0x00000005c0000000,0x00000005c0ae3888,0x00000005c2b00000)
 Metaspace       used 6231K, capacity 7088K, committed 7296K, reserved 1056768K
  class space    used 575K, capacity 616K, committed 640K, reserved 1048576K
}
Event: 9.271 GC heap before
{Heap before GC invocations=7 (full 0):
 PSYoungGen      total 73216K, used 72148K [0x0000000715580000, 0x000000071a680000, 0x00000007c0000000)
  eden space 65024K, 100% used [0x0000000715580000,0x0000000719500000,0x0000000719500000)
  from space 8192K, 86% used [0x0000000719d80000,0x000000071a475240,0x000000071a580000)
  to   space 8704K, 0% used [0x0000000719500000,0x0000000719500000,0x0000000719d80000)
 ParOldGen       total 44032K, used 11150K [0x00000005c0000000, 0x00000005c2b00000, 0x0000000715580000)
  object space 44032K, 25% used [0x00000005c0000000,0x00000005c0ae3888,0x00000005c2b00000)
 Metaspace       used 6333K, capacity 7090K, committed 7296K, reserved 1056768K
  class space    used 594K, capacity 618K, committed 640K, reserved 1048576K
Event: 9.346 GC heap after
Heap after GC invocations=7 (full 0):
 PSYoungGen      total 73728K, used 8686K [0x0000000715580000, 0x000000071fa80000, 0x00000007c0000000)
  eden space 65024K, 0% used [0x0000000715580000,0x0000000715580000,0x0000000719500000)
  from space 8704K, 99% used [0x0000000719500000,0x0000000719d7b830,0x0000000719d80000)
  to   space 19456K, 0% used [0x000000071e780000,0x000000071e780000,0x000000071fa80000)
 ParOldGen       total 44032K, used 29803K [0x00000005c0000000, 0x00000005c2b00000, 0x0000000715580000)
  object space 44032K, 67% used [0x00000005c0000000,0x00000005c1d1ade0,0x00000005c2b00000)
 Metaspace       used 6333K, capacity 7090K, committed 7296K, reserved 1056768K
  class space    used 594K, capacity 618K, committed 640K, reserved 1048576K
}
Event: 11.254 GC heap before
{Heap before GC invocations=8 (full 0):
 PSYoungGen      total 73728K, used 73710K [0x0000000715580000, 0x000000071fa80000, 0x00000007c0000000)
  eden space 65024K, 100% used [0x0000000715580000,0x0000000719500000,0x0000000719500000)
  from space 8704K, 99% used [0x0000000719500000,0x0000000719d7b830,0x0000000719d80000)
  to   space 19456K, 0% used [0x000000071e780000,0x000000071e780000,0x000000071fa80000)
 ParOldGen       total 44032K, used 29803K [0x00000005c0000000, 0x00000005c2b00000, 0x0000000715580000)
  object space 44032K, 67% used [0x00000005c0000000,0x00000005c1d1ade0,0x00000005c2b00000)
 Metaspace       used 6337K, capacity 7090K, committed 7296K, reserved 1056768K
  class space    used 595K, capacity 618K, committed 640K, reserved 1048576K
Event: 11.323 GC heap after
Heap after GC invocations=8 (full 0):
 PSYoungGen      total 128512K, used 19449K [0x0000000715580000, 0x0000000722380000, 0x00000007c0000000)
  eden space 109056K, 0% used [0x0000000715580000,0x0000000715580000,0x000000071c000000)
  from space 19456K, 99% used [0x000000071e780000,0x000000071fa7e478,0x000000071fa80000)
  to   space 40448K, 0% used [0x000000071c000000,0x000000071c000000,0x000000071e780000)
 ParOldGen       total 69632K, used 69244K [0x00000005c0000000, 0x00000005c4400000, 0x0000000715580000)
  object space 69632K, 99% used [0x00000005c0000000,0x00000005c439f3f8,0x00000005c4400000)
 Metaspace       used 6337K, capacity 7090K, committed 7296K, reserved 1056768K
  class space    used 595K, capacity 618K, committed 640K, reserved 1048576K
}
Event: 11.323 GC heap before
{Heap before GC invocations=9 (full 1):
 PSYoungGen      total 128512K, used 19449K [0x0000000715580000, 0x0000000722380000, 0x00000007c0000000)
  eden space 109056K, 0% used [0x0000000715580000,0x0000000715580000,0x000000071c000000)
  from space 19456K, 99% used [0x000000071e780000,0x000000071fa7e478,0x000000071fa80000)
  to   space 40448K, 0% used [0x000000071c000000,0x000000071c000000,0x000000071e780000)
 ParOldGen       total 69632K, used 69244K [0x00000005c0000000, 0x00000005c4400000, 0x0000000715580000)
  object space 69632K, 99% used [0x00000005c0000000,0x00000005c439f3f8,0x00000005c4400000)
 Metaspace       used 6337K, capacity 7090K, committed 7296K, reserved 1056768K
  class space    used 595K, capacity 618K, committed 640K, reserved 1048576K
Event: 13.456 GC heap after
Heap after GC invocations=9 (full 1):
 PSYoungGen      total 128512K, used 7739K [0x0000000715580000, 0x0000000722380000, 0x00000007c0000000)
  eden space 109056K, 0% used [0x0000000715580000,0x0000000715580000,0x000000071c000000)
  from space 19456K, 39% used [0x000000071e780000,0x000000071ef0ed58,0x000000071fa80000)
  to   space 40448K, 0% used [0x000000071c000000,0x000000071c000000,0x000000071e780000)
 ParOldGen       total 125440K, used 69453K [0x00000005c0000000, 0x00000005c7a80000, 0x0000000715580000)
  object space 125440K, 55% used [0x00000005c0000000,0x00000005c43d37f0,0x00000005c7a80000)
 Metaspace       used 6337K, capacity 7090K, committed 7296K, reserved 1056768K
  class space    used 595K, capacity 618K, committed 640K, reserved 1048576K
}
Event: 13.921 GC heap before
{Heap before GC invocations=10 (full 1):
 PSYoungGen      total 128512K, used 116795K [0x0000000715580000, 0x0000000722380000, 0x00000007c0000000)
  eden space 109056K, 100% used [0x0000000715580000,0x000000071c000000,0x000000071c000000)
  from space 19456K, 39% used [0x000000071e780000,0x000000071ef0ed58,0x000000071fa80000)
  to   space 40448K, 0% used [0x000000071c000000,0x000000071c000000,0x000000071e780000)
 ParOldGen       total 125440K, used 69453K [0x00000005c0000000, 0x00000005c7a80000, 0x0000000715580000)
  object space 125440K, 55% used [0x00000005c0000000,0x00000005c43d37f0,0x00000005c7a80000)
 Metaspace       used 6337K, capacity 7090K, committed 7296K, reserved 1056768K
  class space    used 595K, capacity 618K, committed 640K, reserved 1048576K

