# JRE version: OpenJDK Runtime Environment (8.0_76-b03) (build 1.8.0_76-release-b03)
# Java VM: OpenJDK 64-Bit Server VM (25.76-b03 mixed mode windows-amd64 compressed oops)
Heap:
 PSYoungGen      total 566784K, used 124917K [0x0000000715580000, 0x0000000749e00000, 0x00000007c0000000)
  eden space 441856K, 0% used [0x0000000715580000,0x0000000715580000,0x0000000730500000)
  from space 124928K, 99% used [0x0000000730500000,0x0000000737efd710,0x0000000737f00000)
  to   space 184832K, 0% used [0x000000073e980000,0x000000073e980000,0x0000000749e00000)
 ParOldGen       total 643584K, used 545123K [0x00000005c0000000, 0x00000005e7480000, 0x0000000715580000)
  object space 643584K, 84% used [0x00000005c0000000,0x00000005e1458d50,0x00000005e7480000)
 Metaspace       used 6620K, capacity 7282K, committed 7552K, reserved 1056768K
  class space    used 602K, capacity 618K, committed 640K, reserved 1048576K
GC Heap History (10 events):
Event: 29.449 GC heap after
Heap after GC invocations=20 (full 4):
 PSYoungGen      total 500736K, used 102373K [0x0000000715580000, 0x000000073d780000, 0x00000007c0000000)
  eden space 398336K, 0% used [0x0000000715580000,0x0000000715580000,0x000000072da80000)
  from space 102400K, 99% used [0x0000000735100000,0x000000073b4f9418,0x000000073b500000)
  to   space 121344K, 0% used [0x000000072da80000,0x000000072da80000,0x0000000735100000)
 ParOldGen       total 438272K, used 290270K [0x00000005c0000000, 0x00000005dac00000, 0x0000000715580000)
  object space 438272K, 66% used [0x00000005c0000000,0x00000005d1b77908,0x00000005dac00000)
 Metaspace       used 6607K, capacity 7282K, committed 7552K, reserved 1056768K
  class space    used 601K, capacity 618K, committed 640K, reserved 1048576K
}
Event: 31.897 GC heap before
{Heap before GC invocations=21 (full 4):
 PSYoungGen      total 500736K, used 500709K [0x0000000715580000, 0x000000073d780000, 0x00000007c0000000)
  eden space 398336K, 100% used [0x0000000715580000,0x000000072da80000,0x000000072da80000)
  from space 102400K, 99% used [0x0000000735100000,0x000000073b4f9418,0x000000073b500000)
  to   space 121344K, 0% used [0x000000072da80000,0x000000072da80000,0x0000000735100000)
 ParOldGen       total 438272K, used 290270K [0x00000005c0000000, 0x00000005dac00000, 0x0000000715580000)
  object space 438272K, 66% used [0x00000005c0000000,0x00000005d1b77908,0x00000005dac00000)
 Metaspace       used 6608K, capacity 7282K, committed 7552K, reserved 1056768K
  class space    used 601K, capacity 618K, committed 640K, reserved 1048576K
Event: 32.202 GC heap after
Heap after GC invocations=21 (full 4):
 PSYoungGen      total 519680K, used 66557K [0x0000000715580000, 0x000000073f580000, 0x00000007c0000000)
  eden space 398336K, 0% used [0x0000000715580000,0x0000000715580000,0x000000072da80000)
  from space 121344K, 54% used [0x000000072da80000,0x0000000731b7f730,0x0000000735100000)
  to   space 121344K, 0% used [0x0000000737f00000,0x0000000737f00000,0x000000073f580000)
 ParOldGen       total 438272K, used 392914K [0x00000005c0000000, 0x00000005dac00000, 0x0000000715580000)
  object space 438272K, 89% used [0x00000005c0000000,0x00000005d7fb4b60,0x00000005dac00000)
 Metaspace       used 6608K, capacity 7282K, committed 7552K, reserved 1056768K
  class space    used 601K, capacity 618K, committed 640K, reserved 1048576K
}
Event: 32.202 GC heap before
{Heap before GC invocations=22 (full 5):
 PSYoungGen      total 519680K, used 66557K [0x0000000715580000, 0x000000073f580000, 0x00000007c0000000)
  eden space 398336K, 0% used [0x0000000715580000,0x0000000715580000,0x000000072da80000)
  from space 121344K, 54% used [0x000000072da80000,0x0000000731b7f730,0x0000000735100000)
  to   space 121344K, 0% used [0x0000000737f00000,0x0000000737f00000,0x000000073f580000)
 ParOldGen       total 438272K, used 392914K [0x00000005c0000000, 0x00000005dac00000, 0x0000000715580000)
  object space 438272K, 89% used [0x00000005c0000000,0x00000005d7fb4b60,0x00000005dac00000)
 Metaspace       used 6608K, capacity 7282K, committed 7552K, reserved 1056768K
  class space    used 601K, capacity 618K, committed 640K, reserved 1048576K
Event: 34.694 GC heap after
Heap after GC invocations=22 (full 5):
 PSYoungGen      total 519680K, used 17679K [0x0000000715580000, 0x000000073f580000, 0x00000007c0000000)
  eden space 398336K, 0% used [0x0000000715580000,0x0000000715580000,0x000000072da80000)
  from space 121344K, 14% used [0x000000072da80000,0x000000072ebc3da0,0x0000000735100000)
  to   space 121344K, 0% used [0x0000000737f00000,0x0000000737f00000,0x000000073f580000)
 ParOldGen       total 643584K, used 437854K [0x00000005c0000000, 0x00000005e7480000, 0x0000000715580000)
  object space 643584K, 68% used [0x00000005c0000000,0x00000005dab97990,0x00000005e7480000)
 Metaspace       used 6608K, capacity 7282K, committed 7552K, reserved 1056768K
  class space    used 601K, capacity 618K, committed 640K, reserved 1048576K
}
Event: 35.685 GC heap before
{Heap before GC invocations=23 (full 5):
 PSYoungGen      total 519680K, used 416015K [0x0000000715580000, 0x000000073f580000, 0x00000007c0000000)
  eden space 398336K, 100% used [0x0000000715580000,0x000000072da80000,0x000000072da80000)
  from space 121344K, 14% used [0x000000072da80000,0x000000072ebc3da0,0x0000000735100000)
  to   space 121344K, 0% used [0x0000000737f00000,0x0000000737f00000,0x000000073f580000)
 ParOldGen       total 643584K, used 437854K [0x00000005c0000000, 0x00000005e7480000, 0x0000000715580000)
  object space 643584K, 68% used [0x00000005c0000000,0x00000005dab97990,0x00000005e7480000)
 Metaspace       used 6620K, capacity 7282K, committed 7552K, reserved 1056768K
  class space    used 602K, capacity 618K, committed 640K, reserved 1048576K
Event: 35.963 GC heap after
Heap after GC invocations=23 (full 5):
 PSYoungGen      total 563200K, used 75892K [0x0000000715580000, 0x000000073f900000, 0x00000007c0000000)
  eden space 441856K, 0% used [0x0000000715580000,0x0000000715580000,0x0000000730500000)
  from space 121344K, 62% used [0x0000000737f00000,0x000000073c91d040,0x000000073f580000)
  to   space 124928K, 0% used [0x0000000730500000,0x0000000730500000,0x0000000737f00000)
 ParOldGen       total 643584K, used 437854K [0x00000005c0000000, 0x00000005e7480000, 0x0000000715580000)
  object space 643584K, 68% used [0x00000005c0000000,0x00000005dab97990,0x00000005e7480000)
 Metaspace       used 6620K, capacity 7282K, committed 7552K, reserved 1056768K
  class space    used 602K, capacity 618K, committed 640K, reserved 1048576K
}
Event: 37.902 GC heap before
{Heap before GC invocations=24 (full 5):
 PSYoungGen      total 563200K, used 517748K [0x0000000715580000, 0x000000073f900000, 0x00000007c0000000)
  eden space 441856K, 100% used [0x0000000715580000,0x0000000730500000,0x0000000730500000)
  from space 121344K, 62% used [0x0000000737f00000,0x000000073c91d040,0x000000073f580000)
  to   space 124928K, 0% used [0x0000000730500000,0x0000000730500000,0x0000000737f00000)
 ParOldGen       total 643584K, used 437854K [0x00000005c0000000, 0x00000005e7480000, 0x0000000715580000)
  object space 643584K, 68% used [0x00000005c0000000,0x00000005dab97990,0x00000005e7480000)
 Metaspace       used 6620K, capacity 7282K, committed 7552K, reserved 1056768K
  class space    used 602K, capacity 618K, committed 640K, reserved 1048576K
Event: 38.111 GC heap after
Heap after GC invocations=24 (full 5):
 PSYoungGen      total 566784K, used 124917K [0x0000000715580000, 0x0000000749e00000, 0x00000007c0000000)
  eden space 441856K, 0% used [0x0000000715580000,0x0000000715580000,0x0000000730500000)
  from space 124928K, 99% used [0x0000000730500000,0x0000000737efd710,0x0000000737f00000)
  to   space 184832K, 0% used [0x000000073e980000,0x000000073e980000,0x0000000749e00000)
 ParOldGen       total 643584K, used 545123K [0x00000005c0000000, 0x00000005e7480000, 0x0000000715580000)
  object space 643584K, 84% used [0x00000005c0000000,0x00000005e1458d50,0x00000005e7480000)
 Metaspace       used 6620K, capacity 7282K, committed 7552K, reserved 1056768K
  class space    used 602K, capacity 618K, committed 640K, reserved 1048576K
}
Event: 38.112 GC heap before
{Heap before GC invocations=25 (full 6):
 PSYoungGen      total 566784K, used 124917K [0x0000000715580000, 0x0000000749e00000, 0x00000007c0000000)
  eden space 441856K, 0% used [0x0000000715580000,0x0000000715580000,0x0000000730500000)
  from space 124928K, 99% used [0x0000000730500000,0x0000000737efd710,0x0000000737f00000)
  to   space 184832K, 0% used [0x000000073e980000,0x000000073e980000,0x0000000749e00000)
 ParOldGen       total 643584K, used 545123K [0x00000005c0000000, 0x00000005e7480000, 0x0000000715580000)
  object space 643584K, 84% used [0x00000005c0000000,0x00000005e1458d50,0x00000005e7480000)
 Metaspace       used 6620K, capacity 7282K, committed 7552K, reserved 1056768K
  class space    used 602K, capacity 618K, committed 640K, reserved 1048576K

