# JRE version: OpenJDK Runtime Environment (8.0_76-b03) (build 1.8.0_76-release-b03)
# Java VM: OpenJDK 64-Bit Server VM (25.76-b03 mixed mode windows-amd64 compressed oops)
Heap:
 PSYoungGen      total 728576K, used 393562K [0x0000000715580000, 0x000000075c200000, 0x00000007c0000000)
  eden space 445440K, 24% used [0x0000000715580000,0x000000071c15d278,0x0000000730880000)
  from space 283136K, 99% used [0x0000000730880000,0x0000000741cf9948,0x0000000741d00000)
  to   space 333824K, 0% used [0x0000000747c00000,0x0000000747c00000,0x000000075c200000)
 ParOldGen       total 799232K, used 625907K [0x00000005c0000000, 0x00000005f0c80000, 0x0000000715580000)
  object space 799232K, 78% used [0x00000005c0000000,0x00000005e633ce30,0x00000005f0c80000)
 Metaspace       used 7234K, capacity 7864K, committed 8192K, reserved 1056768K
  class space    used 629K, capacity 688K, committed 768K, reserved 1048576K
GC Heap History (10 events):
Event: 41.162 GC heap before
{Heap before GC invocations=31 (full 6):
 PSYoungGen      total 615424K, used 527301K [0x0000000715580000, 0x0000000748a80000, 0x00000007c0000000)
  eden space 425984K, 100% used [0x0000000715580000,0x000000072f580000,0x000000072f580000)
  from space 189440K, 53% used [0x000000073d180000,0x0000000743471580,0x0000000748a80000)
  to   space 207360K, 0% used [0x000000072f580000,0x000000072f580000,0x000000073c000000)
 ParOldGen       total 799232K, used 581372K [0x00000005c0000000, 0x00000005f0c80000, 0x0000000715580000)
  object space 799232K, 72% used [0x00000005c0000000,0x00000005e37bf2e8,0x00000005f0c80000)
 Metaspace       used 6628K, capacity 7282K, committed 7552K, reserved 1056768K
  class space    used 601K, capacity 618K, committed 640K, reserved 1048576K
Event: 41.239 GC heap after
Heap after GC invocations=31 (full 6):
 PSYoungGen      total 633344K, used 63482K [0x0000000715580000, 0x0000000749980000, 0x00000007c0000000)
  eden space 425984K, 0% used [0x0000000715580000,0x0000000715580000,0x000000072f580000)
  from space 207360K, 30% used [0x000000072f580000,0x000000073337e810,0x000000073c000000)
  to   space 197632K, 0% used [0x000000073d880000,0x000000073d880000,0x0000000749980000)
 ParOldGen       total 799232K, used 581372K [0x00000005c0000000, 0x00000005f0c80000, 0x0000000715580000)
  object space 799232K, 72% used [0x00000005c0000000,0x00000005e37bf2e8,0x00000005f0c80000)
 Metaspace       used 6628K, capacity 7282K, committed 7552K, reserved 1056768K
  class space    used 601K, capacity 618K, committed 640K, reserved 1048576K
}
Event: 46.871 GC heap before
{Heap before GC invocations=32 (full 6):
 PSYoungGen      total 633344K, used 489466K [0x0000000715580000, 0x0000000749980000, 0x00000007c0000000)
  eden space 425984K, 100% used [0x0000000715580000,0x000000072f580000,0x000000072f580000)
  from space 207360K, 30% used [0x000000072f580000,0x000000073337e810,0x000000073c000000)
  to   space 197632K, 0% used [0x000000073d880000,0x000000073d880000,0x0000000749980000)
 ParOldGen       total 799232K, used 581372K [0x00000005c0000000, 0x00000005f0c80000, 0x0000000715580000)
  object space 799232K, 72% used [0x00000005c0000000,0x00000005e37bf2e8,0x00000005f0c80000)
 Metaspace       used 6629K, capacity 7282K, committed 7552K, reserved 1056768K
  class space    used 601K, capacity 618K, committed 640K, reserved 1048576K
Event: 47.028 GC heap after
Heap after GC invocations=32 (full 6):
 PSYoungGen      total 652288K, used 128722K [0x0000000715580000, 0x000000074a100000, 0x00000007c0000000)
  eden space 454656K, 0% used [0x0000000715580000,0x0000000715580000,0x0000000731180000)
  from space 197632K, 65% used [0x000000073d880000,0x0000000745634a68,0x0000000749980000)
  to   space 203776K, 0% used [0x0000000731180000,0x0000000731180000,0x000000073d880000)
 ParOldGen       total 799232K, used 581372K [0x00000005c0000000, 0x00000005f0c80000, 0x0000000715580000)
  object space 799232K, 72% used [0x00000005c0000000,0x00000005e37bf2e8,0x00000005f0c80000)
 Metaspace       used 6629K, capacity 7282K, committed 7552K, reserved 1056768K
  class space    used 601K, capacity 618K, committed 640K, reserved 1048576K
}
Event: 48.132 GC heap before
{Heap before GC invocations=33 (full 6):
 PSYoungGen      total 652288K, used 583378K [0x0000000715580000, 0x000000074a100000, 0x00000007c0000000)
  eden space 454656K, 100% used [0x0000000715580000,0x0000000731180000,0x0000000731180000)
  from space 197632K, 65% used [0x000000073d880000,0x0000000745634a68,0x0000000749980000)
  to   space 203776K, 0% used [0x0000000731180000,0x0000000731180000,0x000000073d880000)
 ParOldGen       total 799232K, used 581372K [0x00000005c0000000, 0x00000005f0c80000, 0x0000000715580000)
  object space 799232K, 72% used [0x00000005c0000000,0x00000005e37bf2e8,0x00000005f0c80000)
 Metaspace       used 6631K, capacity 7282K, committed 7552K, reserved 1056768K
  class space    used 602K, capacity 618K, committed 640K, reserved 1048576K
Event: 48.390 GC heap after
Heap after GC invocations=33 (full 6):
 PSYoungGen      total 658432K, used 197511K [0x0000000715580000, 0x0000000750180000, 0x00000007c0000000)
  eden space 454656K, 0% used [0x0000000715580000,0x0000000715580000,0x0000000731180000)
  from space 203776K, 96% used [0x0000000731180000,0x000000073d261fa0,0x000000073d880000)
  to   space 233984K, 0% used [0x0000000741d00000,0x0000000741d00000,0x0000000750180000)
 ParOldGen       total 799232K, used 581372K [0x00000005c0000000, 0x00000005f0c80000, 0x0000000715580000)
  object space 799232K, 72% used [0x00000005c0000000,0x00000005e37bf2e8,0x00000005f0c80000)
 Metaspace       used 6631K, capacity 7282K, committed 7552K, reserved 1056768K
  class space    used 602K, capacity 618K, committed 640K, reserved 1048576K
}
Event: 49.747 GC heap before
{Heap before GC invocations=34 (full 6):
 PSYoungGen      total 658432K, used 652167K [0x0000000715580000, 0x0000000750180000, 0x00000007c0000000)
  eden space 454656K, 100% used [0x0000000715580000,0x0000000731180000,0x0000000731180000)
  from space 203776K, 96% used [0x0000000731180000,0x000000073d261fa0,0x000000073d880000)
  to   space 233984K, 0% used [0x0000000741d00000,0x0000000741d00000,0x0000000750180000)
 ParOldGen       total 799232K, used 581372K [0x00000005c0000000, 0x00000005f0c80000, 0x0000000715580000)
  object space 799232K, 72% used [0x00000005c0000000,0x00000005e37bf2e8,0x00000005f0c80000)
 Metaspace       used 6736K, capacity 7352K, committed 7552K, reserved 1056768K
  class space    used 608K, capacity 624K, committed 640K, reserved 1048576K
Event: 50.187 GC heap after
Heap after GC invocations=34 (full 6):
 PSYoungGen      total 679424K, used 233974K [0x0000000715580000, 0x0000000756980000, 0x00000007c0000000)
  eden space 445440K, 0% used [0x0000000715580000,0x0000000715580000,0x0000000730880000)
  from space 233984K, 99% used [0x0000000741d00000,0x000000075017d8a0,0x0000000750180000)
  to   space 283136K, 0% used [0x0000000730880000,0x0000000730880000,0x0000000741d00000)
 ParOldGen       total 799232K, used 613292K [0x00000005c0000000, 0x00000005f0c80000, 0x0000000715580000)
  object space 799232K, 76% used [0x00000005c0000000,0x00000005e56eb238,0x00000005f0c80000)
 Metaspace       used 6736K, capacity 7352K, committed 7552K, reserved 1056768K
  class space    used 608K, capacity 624K, committed 640K, reserved 1048576K
}
Event: 52.570 GC heap before
{Heap before GC invocations=35 (full 6):
 PSYoungGen      total 679424K, used 679414K [0x0000000715580000, 0x0000000756980000, 0x00000007c0000000)
  eden space 445440K, 100% used [0x0000000715580000,0x0000000730880000,0x0000000730880000)
  from space 233984K, 99% used [0x0000000741d00000,0x000000075017d8a0,0x0000000750180000)
  to   space 283136K, 0% used [0x0000000730880000,0x0000000730880000,0x0000000741d00000)
 ParOldGen       total 799232K, used 613292K [0x00000005c0000000, 0x00000005f0c80000, 0x0000000715580000)
  object space 799232K, 76% used [0x00000005c0000000,0x00000005e56eb238,0x00000005f0c80000)
 Metaspace       used 6971K, capacity 7544K, committed 7808K, reserved 1056768K
  class space    used 620K, capacity 624K, committed 640K, reserved 1048576K
Event: 52.931 GC heap after
Heap after GC invocations=35 (full 6):
 PSYoungGen      total 728576K, used 283110K [0x0000000715580000, 0x000000075c200000, 0x00000007c0000000)
  eden space 445440K, 0% used [0x0000000715580000,0x0000000715580000,0x0000000730880000)
  from space 283136K, 99% used [0x0000000730880000,0x0000000741cf9948,0x0000000741d00000)
  to   space 333824K, 0% used [0x0000000747c00000,0x0000000747c00000,0x000000075c200000)
 ParOldGen       total 799232K, used 625907K [0x00000005c0000000, 0x00000005f0c80000, 0x0000000715580000)
  object space 799232K, 78% used [0x00000005c0000000,0x00000005e633ce30,0x00000005f0c80000)
 Metaspace       used 6971K, capacity 7544K, committed 7808K, reserved 1056768K
  class space    used 620K, capacity 624K, committed 640K, reserved 1048576K
}

