# JRE version: OpenJDK Runtime Environment (8.0_76-b03) (build 1.8.0_76-release-b03)
# Java VM: OpenJDK 64-Bit Server VM (25.76-b03 mixed mode windows-amd64 compressed oops)
Heap:
 PSYoungGen      total 401408K, used 73939K [0x0000000715580000, 0x0000000736800000, 0x00000007c0000000)
  eden space 316416K, 0% used [0x0000000715580000,0x0000000715580000,0x0000000728a80000)
  from space 84992K, 86% used [0x0000000728a80000,0x000000072d2b4c68,0x000000072dd80000)
  to   space 95744K, 0% used [0x0000000730a80000,0x0000000730a80000,0x0000000736800000)
 ParOldGen       total 252416K, used 224377K [0x00000005c0000000, 0x00000005cf680000, 0x0000000715580000)
  object space 252416K, 88% used [0x00000005c0000000,0x00000005cdb1e5e8,0x00000005cf680000)
 Metaspace       used 6609K, capacity 7282K, committed 7552K, reserved 1056768K
  class space    used 599K, capacity 618K, committed 640K, reserved 1048576K
GC Heap History (10 events):
Event: 8.866 GC heap after
Heap after GC invocations=16 (full 2):
 PSYoungGen      total 346624K, used 21876K [0x0000000715580000, 0x000000072db80000, 0x00000007c0000000)
  eden space 291840K, 0% used [0x0000000715580000,0x0000000715580000,0x0000000727280000)
  from space 54784K, 39% used [0x000000072a600000,0x000000072bb5d1e0,0x000000072db80000)
  to   space 52736K, 0% used [0x0000000727280000,0x0000000727280000,0x000000072a600000)
 ParOldGen       total 153088K, used 145038K [0x00000005c0000000, 0x00000005c9580000, 0x0000000715580000)
  object space 153088K, 94% used [0x00000005c0000000,0x00000005c8da3ab8,0x00000005c9580000)
 Metaspace       used 6586K, capacity 7282K, committed 7552K, reserved 1056768K
  class space    used 599K, capacity 618K, committed 640K, reserved 1048576K
}
Event: 8.866 GC heap before
{Heap before GC invocations=17 (full 3):
 PSYoungGen      total 346624K, used 21876K [0x0000000715580000, 0x000000072db80000, 0x00000007c0000000)
  eden space 291840K, 0% used [0x0000000715580000,0x0000000715580000,0x0000000727280000)
  from space 54784K, 39% used [0x000000072a600000,0x000000072bb5d1e0,0x000000072db80000)
  to   space 52736K, 0% used [0x0000000727280000,0x0000000727280000,0x000000072a600000)
 ParOldGen       total 153088K, used 145038K [0x00000005c0000000, 0x00000005c9580000, 0x0000000715580000)
  object space 153088K, 94% used [0x00000005c0000000,0x00000005c8da3ab8,0x00000005c9580000)
 Metaspace       used 6586K, capacity 7282K, committed 7552K, reserved 1056768K
  class space    used 599K, capacity 618K, committed 640K, reserved 1048576K
Event: 9.798 GC heap after
Heap after GC invocations=17 (full 3):
 PSYoungGen      total 346624K, used 8965K [0x0000000715580000, 0x000000072db80000, 0x00000007c0000000)
  eden space 291840K, 0% used [0x0000000715580000,0x0000000715580000,0x0000000727280000)
  from space 54784K, 16% used [0x000000072a600000,0x000000072aec17a0,0x000000072db80000)
  to   space 52736K, 0% used [0x0000000727280000,0x0000000727280000,0x000000072a600000)
 ParOldGen       total 252416K, used 153082K [0x00000005c0000000, 0x00000005cf680000, 0x0000000715580000)
  object space 252416K, 60% used [0x00000005c0000000,0x00000005c957eb18,0x00000005cf680000)
 Metaspace       used 6586K, capacity 7282K, committed 7552K, reserved 1056768K
  class space    used 599K, capacity 618K, committed 640K, reserved 1048576K
}
Event: 11.017 GC heap before
{Heap before GC invocations=18 (full 3):
 PSYoungGen      total 346624K, used 300805K [0x0000000715580000, 0x000000072db80000, 0x00000007c0000000)
  eden space 291840K, 100% used [0x0000000715580000,0x0000000727280000,0x0000000727280000)
  from space 54784K, 16% used [0x000000072a600000,0x000000072aec17a0,0x000000072db80000)
  to   space 52736K, 0% used [0x0000000727280000,0x0000000727280000,0x000000072a600000)
 ParOldGen       total 252416K, used 153082K [0x00000005c0000000, 0x00000005cf680000, 0x0000000715580000)
  object space 252416K, 60% used [0x00000005c0000000,0x00000005c957eb18,0x00000005cf680000)
 Metaspace       used 6595K, capacity 7282K, committed 7552K, reserved 1056768K
  class space    used 599K, capacity 618K, committed 640K, reserved 1048576K
Event: 11.158 GC heap after
Heap after GC invocations=18 (full 3):
 PSYoungGen      total 344576K, used 52481K [0x0000000715580000, 0x0000000731a00000, 0x00000007c0000000)
  eden space 291840K, 0% used [0x0000000715580000,0x0000000715580000,0x0000000727280000)
  from space 52736K, 99% used [0x0000000727280000,0x000000072a5c0680,0x000000072a600000)
  to   space 61952K, 0% used [0x000000072dd80000,0x000000072dd80000,0x0000000731a00000)
 ParOldGen       total 252416K, used 153082K [0x00000005c0000000, 0x00000005cf680000, 0x0000000715580000)
  object space 252416K, 60% used [0x00000005c0000000,0x00000005c957eb18,0x00000005cf680000)
 Metaspace       used 6595K, capacity 7282K, committed 7552K, reserved 1056768K
  class space    used 599K, capacity 618K, committed 640K, reserved 1048576K
}
Event: 12.543 GC heap before
{Heap before GC invocations=19 (full 3):
 PSYoungGen      total 344576K, used 344321K [0x0000000715580000, 0x0000000731a00000, 0x00000007c0000000)
  eden space 291840K, 100% used [0x0000000715580000,0x0000000727280000,0x0000000727280000)
  from space 52736K, 99% used [0x0000000727280000,0x000000072a5c0680,0x000000072a600000)
  to   space 61952K, 0% used [0x000000072dd80000,0x000000072dd80000,0x0000000731a00000)
 ParOldGen       total 252416K, used 153082K [0x00000005c0000000, 0x00000005cf680000, 0x0000000715580000)
  object space 252416K, 60% used [0x00000005c0000000,0x00000005c957eb18,0x00000005cf680000)
 Metaspace       used 6606K, capacity 7282K, committed 7552K, reserved 1056768K
  class space    used 599K, capacity 618K, committed 640K, reserved 1048576K
Event: 12.676 GC heap after
Heap after GC invocations=19 (full 3):
 PSYoungGen      total 378368K, used 61940K [0x0000000715580000, 0x0000000734700000, 0x00000007c0000000)
  eden space 316416K, 0% used [0x0000000715580000,0x0000000715580000,0x0000000728a80000)
  from space 61952K, 99% used [0x000000072dd80000,0x00000007319fd168,0x0000000731a00000)
  to   space 84992K, 0% used [0x0000000728a80000,0x0000000728a80000,0x000000072dd80000)
 ParOldGen       total 252416K, used 187572K [0x00000005c0000000, 0x00000005cf680000, 0x0000000715580000)
  object space 252416K, 74% used [0x00000005c0000000,0x00000005cb72d228,0x00000005cf680000)
 Metaspace       used 6606K, capacity 7282K, committed 7552K, reserved 1056768K
  class space    used 599K, capacity 618K, committed 640K, reserved 1048576K
}
Event: 13.935 GC heap before
{Heap before GC invocations=20 (full 3):
 PSYoungGen      total 378368K, used 378356K [0x0000000715580000, 0x0000000734700000, 0x00000007c0000000)
  eden space 316416K, 100% used [0x0000000715580000,0x0000000728a80000,0x0000000728a80000)
  from space 61952K, 99% used [0x000000072dd80000,0x00000007319fd168,0x0000000731a00000)
  to   space 84992K, 0% used [0x0000000728a80000,0x0000000728a80000,0x000000072dd80000)
 ParOldGen       total 252416K, used 187572K [0x00000005c0000000, 0x00000005cf680000, 0x0000000715580000)
  object space 252416K, 74% used [0x00000005c0000000,0x00000005cb72d228,0x00000005cf680000)
 Metaspace       used 6609K, capacity 7282K, committed 7552K, reserved 1056768K
  class space    used 599K, capacity 618K, committed 640K, reserved 1048576K
Event: 14.076 GC heap after
Heap after GC invocations=20 (full 3):
 PSYoungGen      total 401408K, used 73939K [0x0000000715580000, 0x0000000736800000, 0x00000007c0000000)
  eden space 316416K, 0% used [0x0000000715580000,0x0000000715580000,0x0000000728a80000)
  from space 84992K, 86% used [0x0000000728a80000,0x000000072d2b4c68,0x000000072dd80000)
  to   space 95744K, 0% used [0x0000000730a80000,0x0000000730a80000,0x0000000736800000)
 ParOldGen       total 252416K, used 224377K [0x00000005c0000000, 0x00000005cf680000, 0x0000000715580000)
  object space 252416K, 88% used [0x00000005c0000000,0x00000005cdb1e5e8,0x00000005cf680000)
 Metaspace       used 6609K, capacity 7282K, committed 7552K, reserved 1056768K
  class space    used 599K, capacity 618K, committed 640K, reserved 1048576K
}
Event: 14.076 GC heap before
{Heap before GC invocations=21 (full 4):
 PSYoungGen      total 401408K, used 73939K [0x0000000715580000, 0x0000000736800000, 0x00000007c0000000)
  eden space 316416K, 0% used [0x0000000715580000,0x0000000715580000,0x0000000728a80000)
  from space 84992K, 86% used [0x0000000728a80000,0x000000072d2b4c68,0x000000072dd80000)
  to   space 95744K, 0% used [0x0000000730a80000,0x0000000730a80000,0x0000000736800000)
 ParOldGen       total 252416K, used 224377K [0x00000005c0000000, 0x00000005cf680000, 0x0000000715580000)
  object space 252416K, 88% used [0x00000005c0000000,0x00000005cdb1e5e8,0x00000005cf680000)
 Metaspace       used 6609K, capacity 7282K, committed 7552K, reserved 1056768K
  class space    used 599K, capacity 618K, committed 640K, reserved 1048576K

