# JRE version: OpenJDK Runtime Environment (8.0_76-b03) (build 1.8.0_76-release-b03)
# Java VM: OpenJDK 64-Bit Server VM (25.76-b03 mixed mode windows-amd64 compressed oops)
Heap:
 PSYoungGen      total 591872K, used 118966K [0x0000000715580000, 0x000000074a180000, 0x00000007c0000000)
  eden space 350208K, 0% used [0x0000000715580000,0x0000000715580000,0x000000072ab80000)
  from space 241664K, 49% used [0x000000072ab80000,0x0000000731fadb98,0x0000000739780000)
  to   space 237056K, 0% used [0x000000073ba00000,0x000000073ba00000,0x000000074a180000)
 ParOldGen       total 835072K, used 831762K [0x00000005c0000000, 0x00000005f2f80000, 0x0000000715580000)
  object space 835072K, 99% used [0x00000005c0000000,0x00000005f2c44950,0x00000005f2f80000)
 Metaspace       used 6633K, capacity 7282K, committed 7552K, reserved 1056768K
  class space    used 601K, capacity 618K, committed 640K, reserved 1048576K
GC Heap History (10 events):
Event: 45.020 GC heap after
Heap after GC invocations=27 (full 5):
 PSYoungGen      total 489984K, used 131056K [0x0000000715580000, 0x0000000749b80000, 0x00000007c0000000)
  eden space 358912K, 0% used [0x0000000715580000,0x0000000715580000,0x000000072b400000)
  from space 131072K, 99% used [0x0000000737f00000,0x000000073fefc268,0x000000073ff00000)
  to   space 207872K, 0% used [0x000000072b400000,0x000000072b400000,0x0000000737f00000)
 ParOldGen       total 585728K, used 567344K [0x00000005c0000000, 0x00000005e3c00000, 0x0000000715580000)
  object space 585728K, 96% used [0x00000005c0000000,0x00000005e2a0c298,0x00000005e3c00000)
 Metaspace       used 6632K, capacity 7282K, committed 7552K, reserved 1056768K
  class space    used 601K, capacity 618K, committed 640K, reserved 1048576K
}
Event: 45.020 GC heap before
{Heap before GC invocations=28 (full 6):
 PSYoungGen      total 489984K, used 131056K [0x0000000715580000, 0x0000000749b80000, 0x00000007c0000000)
  eden space 358912K, 0% used [0x0000000715580000,0x0000000715580000,0x000000072b400000)
  from space 131072K, 99% used [0x0000000737f00000,0x000000073fefc268,0x000000073ff00000)
  to   space 207872K, 0% used [0x000000072b400000,0x000000072b400000,0x0000000737f00000)
 ParOldGen       total 585728K, used 567344K [0x00000005c0000000, 0x00000005e3c00000, 0x0000000715580000)
  object space 585728K, 96% used [0x00000005c0000000,0x00000005e2a0c298,0x00000005e3c00000)
 Metaspace       used 6632K, capacity 7282K, committed 7552K, reserved 1056768K
  class space    used 601K, capacity 618K, committed 640K, reserved 1048576K
Event: 48.581 GC heap after
Heap after GC invocations=28 (full 6):
 PSYoungGen      total 489984K, used 106149K [0x0000000715580000, 0x0000000749b80000, 0x00000007c0000000)
  eden space 358912K, 0% used [0x0000000715580000,0x0000000715580000,0x000000072b400000)
  from space 131072K, 80% used [0x0000000737f00000,0x000000073e6a9480,0x000000073ff00000)
  to   space 207872K, 0% used [0x000000072b400000,0x000000072b400000,0x0000000737f00000)
 ParOldGen       total 835072K, used 585361K [0x00000005c0000000, 0x00000005f2f80000, 0x0000000715580000)
  object space 835072K, 70% used [0x00000005c0000000,0x00000005e3ba46f8,0x00000005f2f80000)
 Metaspace       used 6632K, capacity 7282K, committed 7552K, reserved 1056768K
  class space    used 601K, capacity 618K, committed 640K, reserved 1048576K
}
Event: 49.382 GC heap before
{Heap before GC invocations=29 (full 6):
 PSYoungGen      total 489984K, used 465061K [0x0000000715580000, 0x0000000749b80000, 0x00000007c0000000)
  eden space 358912K, 100% used [0x0000000715580000,0x000000072b400000,0x000000072b400000)
  from space 131072K, 80% used [0x0000000737f00000,0x000000073e6a9480,0x000000073ff00000)
  to   space 207872K, 0% used [0x000000072b400000,0x000000072b400000,0x0000000737f00000)
 ParOldGen       total 835072K, used 585361K [0x00000005c0000000, 0x00000005f2f80000, 0x0000000715580000)
  object space 835072K, 70% used [0x00000005c0000000,0x00000005e3ba46f8,0x00000005f2f80000)
 Metaspace       used 6633K, capacity 7282K, committed 7552K, reserved 1056768K
  class space    used 601K, capacity 618K, committed 640K, reserved 1048576K
Event: 49.722 GC heap after
Heap after GC invocations=29 (full 6):
 PSYoungGen      total 566784K, used 74808K [0x0000000715580000, 0x0000000745600000, 0x00000007c0000000)
  eden space 358912K, 0% used [0x0000000715580000,0x0000000715580000,0x000000072b400000)
  from space 207872K, 35% used [0x000000072b400000,0x000000072fd0e248,0x0000000737f00000)
  to   space 195072K, 0% used [0x0000000739780000,0x0000000739780000,0x0000000745600000)
 ParOldGen       total 835072K, used 649294K [0x00000005c0000000, 0x00000005f2f80000, 0x0000000715580000)
  object space 835072K, 77% used [0x00000005c0000000,0x00000005e7a13a58,0x00000005f2f80000)
 Metaspace       used 6633K, capacity 7282K, committed 7552K, reserved 1056768K
  class space    used 601K, capacity 618K, committed 640K, reserved 1048576K
}
Event: 51.984 GC heap before
{Heap before GC invocations=30 (full 6):
 PSYoungGen      total 566784K, used 433720K [0x0000000715580000, 0x0000000745600000, 0x00000007c0000000)
  eden space 358912K, 100% used [0x0000000715580000,0x000000072b400000,0x000000072b400000)
  from space 207872K, 35% used [0x000000072b400000,0x000000072fd0e248,0x0000000737f00000)
  to   space 195072K, 0% used [0x0000000739780000,0x0000000739780000,0x0000000745600000)
 ParOldGen       total 835072K, used 649294K [0x00000005c0000000, 0x00000005f2f80000, 0x0000000715580000)
  object space 835072K, 77% used [0x00000005c0000000,0x00000005e7a13a58,0x00000005f2f80000)
 Metaspace       used 6633K, capacity 7282K, committed 7552K, reserved 1056768K
  class space    used 601K, capacity 618K, committed 640K, reserved 1048576K
Event: 52.194 GC heap after
Heap after GC invocations=30 (full 6):
 PSYoungGen      total 545280K, used 195043K [0x0000000715580000, 0x000000074b080000, 0x00000007c0000000)
  eden space 350208K, 0% used [0x0000000715580000,0x0000000715580000,0x000000072ab80000)
  from space 195072K, 99% used [0x0000000739780000,0x00000007455f8f70,0x0000000745600000)
  to   space 241664K, 0% used [0x000000072ab80000,0x000000072ab80000,0x0000000739780000)
 ParOldGen       total 835072K, used 686904K [0x00000005c0000000, 0x00000005f2f80000, 0x0000000715580000)
  object space 835072K, 82% used [0x00000005c0000000,0x00000005e9ece1e8,0x00000005f2f80000)
 Metaspace       used 6633K, capacity 7282K, committed 7552K, reserved 1056768K
  class space    used 601K, capacity 618K, committed 640K, reserved 1048576K
}
Event: 53.084 GC heap before
{Heap before GC invocations=31 (full 6):
 PSYoungGen      total 545280K, used 545251K [0x0000000715580000, 0x000000074b080000, 0x00000007c0000000)
  eden space 350208K, 100% used [0x0000000715580000,0x000000072ab80000,0x000000072ab80000)
  from space 195072K, 99% used [0x0000000739780000,0x00000007455f8f70,0x0000000745600000)
  to   space 241664K, 0% used [0x000000072ab80000,0x000000072ab80000,0x0000000739780000)
 ParOldGen       total 835072K, used 686904K [0x00000005c0000000, 0x00000005f2f80000, 0x0000000715580000)
  object space 835072K, 82% used [0x00000005c0000000,0x00000005e9ece1e8,0x00000005f2f80000)
 Metaspace       used 6633K, capacity 7282K, committed 7552K, reserved 1056768K
  class space    used 601K, capacity 618K, committed 640K, reserved 1048576K
Event: 53.535 GC heap after
Heap after GC invocations=31 (full 6):
 PSYoungGen      total 591872K, used 118966K [0x0000000715580000, 0x000000074a180000, 0x00000007c0000000)
  eden space 350208K, 0% used [0x0000000715580000,0x0000000715580000,0x000000072ab80000)
  from space 241664K, 49% used [0x000000072ab80000,0x0000000731fadb98,0x0000000739780000)
  to   space 237056K, 0% used [0x000000073ba00000,0x000000073ba00000,0x000000074a180000)
 ParOldGen       total 835072K, used 831762K [0x00000005c0000000, 0x00000005f2f80000, 0x0000000715580000)
  object space 835072K, 99% used [0x00000005c0000000,0x00000005f2c44950,0x00000005f2f80000)
 Metaspace       used 6633K, capacity 7282K, committed 7552K, reserved 1056768K
  class space    used 601K, capacity 618K, committed 640K, reserved 1048576K
}
Event: 53.535 GC heap before
{Heap before GC invocations=32 (full 7):
 PSYoungGen      total 591872K, used 118966K [0x0000000715580000, 0x000000074a180000, 0x00000007c0000000)
  eden space 350208K, 0% used [0x0000000715580000,0x0000000715580000,0x000000072ab80000)
  from space 241664K, 49% used [0x000000072ab80000,0x0000000731fadb98,0x0000000739780000)
  to   space 237056K, 0% used [0x000000073ba00000,0x000000073ba00000,0x000000074a180000)
 ParOldGen       total 835072K, used 831762K [0x00000005c0000000, 0x00000005f2f80000, 0x0000000715580000)
  object space 835072K, 99% used [0x00000005c0000000,0x00000005f2c44950,0x00000005f2f80000)
 Metaspace       used 6633K, capacity 7282K, committed 7552K, reserved 1056768K
  class space    used 601K, capacity 618K, committed 640K, reserved 1048576K

