# JRE version: OpenJDK Runtime Environment (8.0_76-b03) (build 1.8.0_76-release-b03)
# Java VM: OpenJDK 64-Bit Server VM (25.76-b03 mixed mode windows-amd64 compressed oops)
Heap:
 PSYoungGen      total 805888K, used 718934K [0x0000000715580000, 0x0000000763f00000, 0x00000007c0000000)
  eden space 422400K, 100% used [0x0000000715580000,0x000000072f200000,0x000000072f200000)
  from space 383488K, 77% used [0x000000072f200000,0x00000007413958b8,0x0000000746880000)
  to   space 415744K, 83% used [0x000000074a900000,0x000000075fdb6768,0x0000000763f00000)
 ParOldGen       total 770048K, used 600198K [0x00000005c0000000, 0x00000005ef000000, 0x0000000715580000)
  object space 770048K, 77% used [0x00000005c0000000,0x00000005e4a21bc0,0x00000005ef000000)
 Metaspace       used 6702K, capacity 7350K, committed 7552K, reserved 1056768K
  class space    used 606K, capacity 622K, committed 640K, reserved 1048576K
GC Heap History (10 events):
Event: 42.082 GC heap after
Heap after GC invocations=29 (full 6):
 PSYoungGen      total 600064K, used 171063K [0x0000000715580000, 0x0000000753200000, 0x00000007c0000000)
  eden space 388096K, 0% used [0x0000000715580000,0x0000000715580000,0x000000072d080000)
  from space 211968K, 80% used [0x000000072d080000,0x000000073778de80,0x0000000739f80000)
  to   space 284160K, 0% used [0x0000000741c80000,0x0000000741c80000,0x0000000753200000)
 ParOldGen       total 770048K, used 547683K [0x00000005c0000000, 0x00000005ef000000, 0x0000000715580000)
  object space 770048K, 71% used [0x00000005c0000000,0x00000005e16d8ce8,0x00000005ef000000)
 Metaspace       used 6634K, capacity 7346K, committed 7552K, reserved 1056768K
  class space    used 602K, capacity 618K, committed 640K, reserved 1048576K
}
Event: 43.664 GC heap before
{Heap before GC invocations=30 (full 6):
 PSYoungGen      total 600064K, used 559159K [0x0000000715580000, 0x0000000753200000, 0x00000007c0000000)
  eden space 388096K, 100% used [0x0000000715580000,0x000000072d080000,0x000000072d080000)
  from space 211968K, 80% used [0x000000072d080000,0x000000073778de80,0x0000000739f80000)
  to   space 284160K, 0% used [0x0000000741c80000,0x0000000741c80000,0x0000000753200000)
 ParOldGen       total 770048K, used 547683K [0x00000005c0000000, 0x00000005ef000000, 0x0000000715580000)
  object space 770048K, 71% used [0x00000005c0000000,0x00000005e16d8ce8,0x00000005ef000000)
 Metaspace       used 6634K, capacity 7346K, committed 7552K, reserved 1056768K
  class space    used 602K, capacity 618K, committed 640K, reserved 1048576K
Event: 44.245 GC heap after
Heap after GC invocations=30 (full 6):
 PSYoungGen      total 679424K, used 282862K [0x0000000715580000, 0x0000000758a80000, 0x00000007c0000000)
  eden space 395264K, 0% used [0x0000000715580000,0x0000000715580000,0x000000072d780000)
  from space 284160K, 99% used [0x0000000741c80000,0x00000007530bba70,0x0000000753200000)
  to   space 332800K, 0% used [0x000000072d780000,0x000000072d780000,0x0000000741c80000)
 ParOldGen       total 770048K, used 600190K [0x00000005c0000000, 0x00000005ef000000, 0x0000000715580000)
  object space 770048K, 77% used [0x00000005c0000000,0x00000005e4a1fbc0,0x00000005ef000000)
 Metaspace       used 6634K, capacity 7346K, committed 7552K, reserved 1056768K
  class space    used 602K, capacity 618K, committed 640K, reserved 1048576K
}
Event: 45.716 GC heap before
{Heap before GC invocations=31 (full 6):
 PSYoungGen      total 679424K, used 678126K [0x0000000715580000, 0x0000000758a80000, 0x00000007c0000000)
  eden space 395264K, 100% used [0x0000000715580000,0x000000072d780000,0x000000072d780000)
  from space 284160K, 99% used [0x0000000741c80000,0x00000007530bba70,0x0000000753200000)
  to   space 332800K, 0% used [0x000000072d780000,0x000000072d780000,0x0000000741c80000)
 ParOldGen       total 770048K, used 600190K [0x00000005c0000000, 0x00000005ef000000, 0x0000000715580000)
  object space 770048K, 77% used [0x00000005c0000000,0x00000005e4a1fbc0,0x00000005ef000000)
 Metaspace       used 6634K, capacity 7346K, committed 7552K, reserved 1056768K
  class space    used 602K, capacity 618K, committed 640K, reserved 1048576K
Event: 45.921 GC heap after
Heap after GC invocations=31 (full 6):
 PSYoungGen      total 728064K, used 283340K [0x0000000715580000, 0x000000075d400000, 0x00000007c0000000)
  eden space 395264K, 0% used [0x0000000715580000,0x0000000715580000,0x000000072d780000)
  from space 332800K, 85% used [0x000000072d780000,0x000000073ec33200,0x0000000741c80000)
  to   space 372224K, 0% used [0x0000000746880000,0x0000000746880000,0x000000075d400000)
 ParOldGen       total 770048K, used 600190K [0x00000005c0000000, 0x00000005ef000000, 0x0000000715580000)
  object space 770048K, 77% used [0x00000005c0000000,0x00000005e4a1fbc0,0x00000005ef000000)
 Metaspace       used 6634K, capacity 7346K, committed 7552K, reserved 1056768K
  class space    used 602K, capacity 618K, committed 640K, reserved 1048576K
}
Event: 56.163 GC heap before
{Heap before GC invocations=32 (full 6):
 PSYoungGen      total 728064K, used 678604K [0x0000000715580000, 0x000000075d400000, 0x00000007c0000000)
  eden space 395264K, 100% used [0x0000000715580000,0x000000072d780000,0x000000072d780000)
  from space 332800K, 85% used [0x000000072d780000,0x000000073ec33200,0x0000000741c80000)
  to   space 372224K, 0% used [0x0000000746880000,0x0000000746880000,0x000000075d400000)
 ParOldGen       total 770048K, used 600190K [0x00000005c0000000, 0x00000005ef000000, 0x0000000715580000)
  object space 770048K, 77% used [0x00000005c0000000,0x00000005e4a1fbc0,0x00000005ef000000)
 Metaspace       used 6634K, capacity 7346K, committed 7552K, reserved 1056768K
  class space    used 602K, capacity 618K, committed 640K, reserved 1048576K
Event: 56.382 GC heap after
Heap after GC invocations=32 (full 6):
 PSYoungGen      total 794624K, used 229668K [0x0000000715580000, 0x000000075e480000, 0x00000007c0000000)
  eden space 422400K, 0% used [0x0000000715580000,0x0000000715580000,0x000000072f200000)
  from space 372224K, 61% used [0x0000000746880000,0x00000007548c92f8,0x000000075d400000)
  to   space 383488K, 0% used [0x000000072f200000,0x000000072f200000,0x0000000746880000)
 ParOldGen       total 770048K, used 600190K [0x00000005c0000000, 0x00000005ef000000, 0x0000000715580000)
  object space 770048K, 77% used [0x00000005c0000000,0x00000005e4a1fbc0,0x00000005ef000000)
 Metaspace       used 6634K, capacity 7346K, committed 7552K, reserved 1056768K
  class space    used 602K, capacity 618K, committed 640K, reserved 1048576K
}
Event: 60.184 GC heap before
{Heap before GC invocations=33 (full 6):
 PSYoungGen      total 794624K, used 652068K [0x0000000715580000, 0x000000075e480000, 0x00000007c0000000)
  eden space 422400K, 100% used [0x0000000715580000,0x000000072f200000,0x000000072f200000)
  from space 372224K, 61% used [0x0000000746880000,0x00000007548c92f8,0x000000075d400000)
  to   space 383488K, 0% used [0x000000072f200000,0x000000072f200000,0x0000000746880000)
 ParOldGen       total 770048K, used 600190K [0x00000005c0000000, 0x00000005ef000000, 0x0000000715580000)
  object space 770048K, 77% used [0x00000005c0000000,0x00000005e4a1fbc0,0x00000005ef000000)
 Metaspace       used 6634K, capacity 7346K, committed 7552K, reserved 1056768K
  class space    used 602K, capacity 618K, committed 640K, reserved 1048576K
Event: 60.492 GC heap after
Heap after GC invocations=33 (full 6):
 PSYoungGen      total 805888K, used 296534K [0x0000000715580000, 0x0000000763f00000, 0x00000007c0000000)
  eden space 422400K, 0% used [0x0000000715580000,0x0000000715580000,0x000000072f200000)
  from space 383488K, 77% used [0x000000072f200000,0x00000007413958b8,0x0000000746880000)
  to   space 415744K, 0% used [0x000000074a900000,0x000000074a900000,0x0000000763f00000)
 ParOldGen       total 770048K, used 600190K [0x00000005c0000000, 0x00000005ef000000, 0x0000000715580000)
  object space 770048K, 77% used [0x00000005c0000000,0x00000005e4a1fbc0,0x00000005ef000000)
 Metaspace       used 6634K, capacity 7346K, committed 7552K, reserved 1056768K
  class space    used 602K, capacity 618K, committed 640K, reserved 1048576K
}
Event: 61.782 GC heap before
{Heap before GC invocations=34 (full 6):
 PSYoungGen      total 805888K, used 718934K [0x0000000715580000, 0x0000000763f00000, 0x00000007c0000000)
  eden space 422400K, 100% used [0x0000000715580000,0x000000072f200000,0x000000072f200000)
  from space 383488K, 77% used [0x000000072f200000,0x00000007413958b8,0x0000000746880000)
  to   space 415744K, 0% used [0x000000074a900000,0x000000074a900000,0x0000000763f00000)
 ParOldGen       total 770048K, used 600190K [0x00000005c0000000, 0x00000005ef000000, 0x0000000715580000)
  object space 770048K, 77% used [0x00000005c0000000,0x00000005e4a1fbc0,0x00000005ef000000)
 Metaspace       used 6702K, capacity 7350K, committed 7552K, reserved 1056768K
  class space    used 606K, capacity 622K, committed 640K, reserved 1048576K

