# JRE version: OpenJDK Runtime Environment (8.0_76-b03) (build 1.8.0_76-release-b03)
# Java VM: OpenJDK 64-Bit Server VM (25.76-b03 mixed mode windows-amd64 compressed oops)
Heap:
 PSYoungGen      total 649728K, used 237332K [0x0000000715580000, 0x0000000755080000, 0x00000007c0000000)
  eden space 355328K, 0% used [0x0000000715580000,0x0000000715580000,0x000000072b080000)
  from space 294400K, 80% used [0x000000072b080000,0x00000007398453c8,0x000000073d000000)
  to   space 324096K, 0% used [0x0000000741400000,0x0000000741400000,0x0000000755080000)
 ParOldGen       total 779264K, used 779139K [0x00000005c0000000, 0x00000005ef900000, 0x0000000715580000)
  object space 779264K, 99% used [0x00000005c0000000,0x00000005ef8e0cb8,0x00000005ef900000)
 Metaspace       used 6634K, capacity 7282K, committed 7552K, reserved 1056768K
  class space    used 601K, capacity 618K, committed 640K, reserved 1048576K
GC Heap History (10 events):
Event: 34.808 GC heap after
Heap after GC invocations=27 (full 5):
 PSYoungGen      total 533504K, used 163831K [0x0000000715580000, 0x0000000745380000, 0x00000007c0000000)
  eden space 369664K, 0% used [0x0000000715580000,0x0000000715580000,0x000000072be80000)
  from space 163840K, 99% used [0x0000000737b80000,0x0000000741b7df40,0x0000000741b80000)
  to   space 193536K, 0% used [0x000000072be80000,0x000000072be80000,0x0000000737b80000)
 ParOldGen       total 559104K, used 429454K [0x00000005c0000000, 0x00000005e2200000, 0x0000000715580000)
  object space 559104K, 76% used [0x00000005c0000000,0x00000005da363930,0x00000005e2200000)
 Metaspace       used 6634K, capacity 7282K, committed 7552K, reserved 1056768K
  class space    used 601K, capacity 618K, committed 640K, reserved 1048576K
}
Event: 35.728 GC heap before
{Heap before GC invocations=28 (full 5):
 PSYoungGen      total 533504K, used 533495K [0x0000000715580000, 0x0000000745380000, 0x00000007c0000000)
  eden space 369664K, 100% used [0x0000000715580000,0x000000072be80000,0x000000072be80000)
  from space 163840K, 99% used [0x0000000737b80000,0x0000000741b7df40,0x0000000741b80000)
  to   space 193536K, 0% used [0x000000072be80000,0x000000072be80000,0x0000000737b80000)
 ParOldGen       total 559104K, used 429454K [0x00000005c0000000, 0x00000005e2200000, 0x0000000715580000)
  object space 559104K, 76% used [0x00000005c0000000,0x00000005da363930,0x00000005e2200000)
 Metaspace       used 6634K, capacity 7282K, committed 7552K, reserved 1056768K
  class space    used 601K, capacity 618K, committed 640K, reserved 1048576K
Event: 36.265 GC heap after
Heap after GC invocations=28 (full 5):
 PSYoungGen      total 563200K, used 183663K [0x0000000715580000, 0x000000074a980000, 0x00000007c0000000)
  eden space 369664K, 0% used [0x0000000715580000,0x0000000715580000,0x000000072be80000)
  from space 193536K, 94% used [0x000000072be80000,0x00000007371dbc90,0x0000000737b80000)
  to   space 222720K, 0% used [0x000000073d000000,0x000000073d000000,0x000000074a980000)
 ParOldGen       total 559104K, used 512401K [0x00000005c0000000, 0x00000005e2200000, 0x0000000715580000)
  object space 559104K, 91% used [0x00000005c0000000,0x00000005df464668,0x00000005e2200000)
 Metaspace       used 6634K, capacity 7282K, committed 7552K, reserved 1056768K
  class space    used 601K, capacity 618K, committed 640K, reserved 1048576K
}
Event: 36.265 GC heap before
{Heap before GC invocations=29 (full 6):
 PSYoungGen      total 563200K, used 183663K [0x0000000715580000, 0x000000074a980000, 0x00000007c0000000)
  eden space 369664K, 0% used [0x0000000715580000,0x0000000715580000,0x000000072be80000)
  from space 193536K, 94% used [0x000000072be80000,0x00000007371dbc90,0x0000000737b80000)
  to   space 222720K, 0% used [0x000000073d000000,0x000000073d000000,0x000000074a980000)
 ParOldGen       total 559104K, used 512401K [0x00000005c0000000, 0x00000005e2200000, 0x0000000715580000)
  object space 559104K, 91% used [0x00000005c0000000,0x00000005df464668,0x00000005e2200000)
 Metaspace       used 6634K, capacity 7282K, committed 7552K, reserved 1056768K
  class space    used 601K, capacity 618K, committed 640K, reserved 1048576K
Event: 39.741 GC heap after
Heap after GC invocations=29 (full 6):
 PSYoungGen      total 563200K, used 129861K [0x0000000715580000, 0x000000074a980000, 0x00000007c0000000)
  eden space 369664K, 0% used [0x0000000715580000,0x0000000715580000,0x000000072be80000)
  from space 193536K, 67% used [0x000000072be80000,0x0000000733d51488,0x0000000737b80000)
  to   space 222720K, 0% used [0x000000073d000000,0x000000073d000000,0x000000074a980000)
 ParOldGen       total 776704K, used 558614K [0x00000005c0000000, 0x00000005ef680000, 0x0000000715580000)
  object space 776704K, 71% used [0x00000005c0000000,0x00000005e2185bf8,0x00000005ef680000)
 Metaspace       used 6634K, capacity 7282K, committed 7552K, reserved 1056768K
  class space    used 601K, capacity 618K, committed 640K, reserved 1048576K
}
Event: 41.295 GC heap before
{Heap before GC invocations=30 (full 6):
 PSYoungGen      total 563200K, used 499525K [0x0000000715580000, 0x000000074a980000, 0x00000007c0000000)
  eden space 369664K, 100% used [0x0000000715580000,0x000000072be80000,0x000000072be80000)
  from space 193536K, 67% used [0x000000072be80000,0x0000000733d51488,0x0000000737b80000)
  to   space 222720K, 0% used [0x000000073d000000,0x000000073d000000,0x000000074a980000)
 ParOldGen       total 776704K, used 558614K [0x00000005c0000000, 0x00000005ef680000, 0x0000000715580000)
  object space 776704K, 71% used [0x00000005c0000000,0x00000005e2185bf8,0x00000005ef680000)
 Metaspace       used 6634K, capacity 7282K, committed 7552K, reserved 1056768K
  class space    used 601K, capacity 618K, committed 640K, reserved 1048576K
Event: 41.707 GC heap after
Heap after GC invocations=30 (full 6):
 PSYoungGen      total 578048K, used 222719K [0x0000000715580000, 0x0000000753200000, 0x00000007c0000000)
  eden space 355328K, 0% used [0x0000000715580000,0x0000000715580000,0x000000072b080000)
  from space 222720K, 99% used [0x000000073d000000,0x000000074a97fd20,0x000000074a980000)
  to   space 294400K, 0% used [0x000000072b080000,0x000000072b080000,0x000000073d000000)
 ParOldGen       total 776704K, used 651056K [0x00000005c0000000, 0x00000005ef680000, 0x0000000715580000)
  object space 776704K, 83% used [0x00000005c0000000,0x00000005e7bcc2c8,0x00000005ef680000)
 Metaspace       used 6634K, capacity 7282K, committed 7552K, reserved 1056768K
  class space    used 601K, capacity 618K, committed 640K, reserved 1048576K
}
Event: 42.969 GC heap before
{Heap before GC invocations=31 (full 6):
 PSYoungGen      total 578048K, used 578047K [0x0000000715580000, 0x0000000753200000, 0x00000007c0000000)
  eden space 355328K, 100% used [0x0000000715580000,0x000000072b080000,0x000000072b080000)
  from space 222720K, 99% used [0x000000073d000000,0x000000074a97fd20,0x000000074a980000)
  to   space 294400K, 0% used [0x000000072b080000,0x000000072b080000,0x000000073d000000)
 ParOldGen       total 776704K, used 651056K [0x00000005c0000000, 0x00000005ef680000, 0x0000000715580000)
  object space 776704K, 83% used [0x00000005c0000000,0x00000005e7bcc2c8,0x00000005ef680000)
 Metaspace       used 6634K, capacity 7282K, committed 7552K, reserved 1056768K
  class space    used 601K, capacity 618K, committed 640K, reserved 1048576K
Event: 43.235 GC heap after
Heap after GC invocations=31 (full 6):
 PSYoungGen      total 649728K, used 237332K [0x0000000715580000, 0x0000000755080000, 0x00000007c0000000)
  eden space 355328K, 0% used [0x0000000715580000,0x0000000715580000,0x000000072b080000)
  from space 294400K, 80% used [0x000000072b080000,0x00000007398453c8,0x000000073d000000)
  to   space 324096K, 0% used [0x0000000741400000,0x0000000741400000,0x0000000755080000)
 ParOldGen       total 779264K, used 779139K [0x00000005c0000000, 0x00000005ef900000, 0x0000000715580000)
  object space 779264K, 99% used [0x00000005c0000000,0x00000005ef8e0cb8,0x00000005ef900000)
 Metaspace       used 6634K, capacity 7282K, committed 7552K, reserved 1056768K
  class space    used 601K, capacity 618K, committed 640K, reserved 1048576K
}
Event: 43.235 GC heap before
{Heap before GC invocations=32 (full 7):
 PSYoungGen      total 649728K, used 237332K [0x0000000715580000, 0x0000000755080000, 0x00000007c0000000)
  eden space 355328K, 0% used [0x0000000715580000,0x0000000715580000,0x000000072b080000)
  from space 294400K, 80% used [0x000000072b080000,0x00000007398453c8,0x000000073d000000)
  to   space 324096K, 0% used [0x0000000741400000,0x0000000741400000,0x0000000755080000)
 ParOldGen       total 779264K, used 779139K [0x00000005c0000000, 0x00000005ef900000, 0x0000000715580000)
  object space 779264K, 99% used [0x00000005c0000000,0x00000005ef8e0cb8,0x00000005ef900000)
 Metaspace       used 6634K, capacity 7282K, committed 7552K, reserved 1056768K
  class space    used 601K, capacity 618K, committed 640K, reserved 1048576K

