# JRE version: OpenJDK Runtime Environment (8.0_76-b03) (build 1.8.0_76-release-b03)
# Java VM: OpenJDK 64-Bit Server VM (25.76-b03 mixed mode windows-amd64 compressed oops)
Heap:
 PSYoungGen      total 630272K, used 151753K [0x0000000715580000, 0x000000074a680000, 0x00000007c0000000)
  eden space 461824K, 0% used [0x0000000715580000,0x0000000715580000,0x0000000731880000)
  from space 168448K, 90% used [0x000000073d280000,0x00000007466b2570,0x0000000747700000)
  to   space 190464K, 0% used [0x0000000731880000,0x0000000731880000,0x000000073d280000)
 ParOldGen       total 647680K, used 570066K [0x00000005c0000000, 0x00000005e7880000, 0x0000000715580000)
  object space 647680K, 88% used [0x00000005c0000000,0x00000005e2cb4ae0,0x00000005e7880000)
 Metaspace       used 6618K, capacity 7282K, committed 7552K, reserved 1056768K
  class space    used 601K, capacity 618K, committed 640K, reserved 1048576K
GC Heap History (10 events):
Event: 26.910 GC heap after
Heap after GC invocations=21 (full 4):
 PSYoungGen      total 514048K, used 67161K [0x0000000715580000, 0x000000073f200000, 0x00000007c0000000)
  eden space 395264K, 0% used [0x0000000715580000,0x0000000715580000,0x000000072d780000)
  from space 118784K, 56% used [0x000000072d780000,0x0000000731916600,0x0000000734b80000)
  to   space 119808K, 0% used [0x0000000737d00000,0x0000000737d00000,0x000000073f200000)
 ParOldGen       total 437760K, used 387721K [0x00000005c0000000, 0x00000005dab80000, 0x0000000715580000)
  object space 437760K, 88% used [0x00000005c0000000,0x00000005d7aa24c0,0x00000005dab80000)
 Metaspace       used 6605K, capacity 7282K, committed 7552K, reserved 1056768K
  class space    used 600K, capacity 618K, committed 640K, reserved 1048576K
}
Event: 26.910 GC heap before
{Heap before GC invocations=22 (full 5):
 PSYoungGen      total 514048K, used 67161K [0x0000000715580000, 0x000000073f200000, 0x00000007c0000000)
  eden space 395264K, 0% used [0x0000000715580000,0x0000000715580000,0x000000072d780000)
  from space 118784K, 56% used [0x000000072d780000,0x0000000731916600,0x0000000734b80000)
  to   space 119808K, 0% used [0x0000000737d00000,0x0000000737d00000,0x000000073f200000)
 ParOldGen       total 437760K, used 387721K [0x00000005c0000000, 0x00000005dab80000, 0x0000000715580000)
  object space 437760K, 88% used [0x00000005c0000000,0x00000005d7aa24c0,0x00000005dab80000)
 Metaspace       used 6605K, capacity 7282K, committed 7552K, reserved 1056768K
  class space    used 600K, capacity 618K, committed 640K, reserved 1048576K
Event: 28.967 GC heap after
Heap after GC invocations=22 (full 5):
 PSYoungGen      total 514048K, used 11677K [0x0000000715580000, 0x000000073f200000, 0x00000007c0000000)
  eden space 395264K, 0% used [0x0000000715580000,0x0000000715580000,0x000000072d780000)
  from space 118784K, 9% used [0x000000072d780000,0x000000072e2e7750,0x0000000734b80000)
  to   space 119808K, 0% used [0x0000000737d00000,0x0000000737d00000,0x000000073f200000)
 ParOldGen       total 647680K, used 437670K [0x00000005c0000000, 0x00000005e7880000, 0x0000000715580000)
  object space 647680K, 67% used [0x00000005c0000000,0x00000005dab69948,0x00000005e7880000)
 Metaspace       used 6605K, capacity 7282K, committed 7552K, reserved 1056768K
  class space    used 600K, capacity 618K, committed 640K, reserved 1048576K
}
Event: 30.365 GC heap before
{Heap before GC invocations=23 (full 5):
 PSYoungGen      total 514048K, used 406941K [0x0000000715580000, 0x000000073f200000, 0x00000007c0000000)
  eden space 395264K, 100% used [0x0000000715580000,0x000000072d780000,0x000000072d780000)
  from space 118784K, 9% used [0x000000072d780000,0x000000072e2e7750,0x0000000734b80000)
  to   space 119808K, 0% used [0x0000000737d00000,0x0000000737d00000,0x000000073f200000)
 ParOldGen       total 647680K, used 437670K [0x00000005c0000000, 0x00000005e7880000, 0x0000000715580000)
  object space 647680K, 67% used [0x00000005c0000000,0x00000005dab69948,0x00000005e7880000)
 Metaspace       used 6617K, capacity 7282K, committed 7552K, reserved 1056768K
  class space    used 601K, capacity 618K, committed 640K, reserved 1048576K
Event: 30.609 GC heap after
Heap after GC invocations=23 (full 5):
 PSYoungGen      total 551424K, used 71945K [0x0000000715580000, 0x000000073ed80000, 0x00000007c0000000)
  eden space 436224K, 0% used [0x0000000715580000,0x0000000715580000,0x000000072ff80000)
  from space 115200K, 62% used [0x0000000737d00000,0x000000073c3425d8,0x000000073ed80000)
  to   space 121856K, 0% used [0x000000072ff80000,0x000000072ff80000,0x0000000737680000)
 ParOldGen       total 647680K, used 437678K [0x00000005c0000000, 0x00000005e7880000, 0x0000000715580000)
  object space 647680K, 67% used [0x00000005c0000000,0x00000005dab6b948,0x00000005e7880000)
 Metaspace       used 6617K, capacity 7282K, committed 7552K, reserved 1056768K
  class space    used 601K, capacity 618K, committed 640K, reserved 1048576K
}
Event: 32.783 GC heap before
{Heap before GC invocations=24 (full 5):
 PSYoungGen      total 551424K, used 508169K [0x0000000715580000, 0x000000073ed80000, 0x00000007c0000000)
  eden space 436224K, 100% used [0x0000000715580000,0x000000072ff80000,0x000000072ff80000)
  from space 115200K, 62% used [0x0000000737d00000,0x000000073c3425d8,0x000000073ed80000)
  to   space 121856K, 0% used [0x000000072ff80000,0x000000072ff80000,0x0000000737680000)
 ParOldGen       total 647680K, used 437678K [0x00000005c0000000, 0x00000005e7880000, 0x0000000715580000)
  object space 647680K, 67% used [0x00000005c0000000,0x00000005dab6b948,0x00000005e7880000)
 Metaspace       used 6618K, capacity 7282K, committed 7552K, reserved 1056768K
  class space    used 601K, capacity 618K, committed 640K, reserved 1048576K
Event: 33.083 GC heap after
Heap after GC invocations=24 (full 5):
 PSYoungGen      total 558080K, used 121841K [0x0000000715580000, 0x0000000747700000, 0x00000007c0000000)
  eden space 436224K, 0% used [0x0000000715580000,0x0000000715580000,0x000000072ff80000)
  from space 121856K, 99% used [0x000000072ff80000,0x000000073767c4e8,0x0000000737680000)
  to   space 168448K, 0% used [0x000000073d280000,0x000000073d280000,0x0000000747700000)
 ParOldGen       total 647680K, used 509759K [0x00000005c0000000, 0x00000005e7880000, 0x0000000715580000)
  object space 647680K, 78% used [0x00000005c0000000,0x00000005df1cff30,0x00000005e7880000)
 Metaspace       used 6618K, capacity 7282K, committed 7552K, reserved 1056768K
  class space    used 601K, capacity 618K, committed 640K, reserved 1048576K
}
Event: 34.708 GC heap before
{Heap before GC invocations=25 (full 5):
 PSYoungGen      total 558080K, used 558065K [0x0000000715580000, 0x0000000747700000, 0x00000007c0000000)
  eden space 436224K, 100% used [0x0000000715580000,0x000000072ff80000,0x000000072ff80000)
  from space 121856K, 99% used [0x000000072ff80000,0x000000073767c4e8,0x0000000737680000)
  to   space 168448K, 0% used [0x000000073d280000,0x000000073d280000,0x0000000747700000)
 ParOldGen       total 647680K, used 509759K [0x00000005c0000000, 0x00000005e7880000, 0x0000000715580000)
  object space 647680K, 78% used [0x00000005c0000000,0x00000005df1cff30,0x00000005e7880000)
 Metaspace       used 6618K, capacity 7282K, committed 7552K, reserved 1056768K
  class space    used 601K, capacity 618K, committed 640K, reserved 1048576K
Event: 35.016 GC heap after
Heap after GC invocations=25 (full 5):
 PSYoungGen      total 630272K, used 151753K [0x0000000715580000, 0x000000074a680000, 0x00000007c0000000)
  eden space 461824K, 0% used [0x0000000715580000,0x0000000715580000,0x0000000731880000)
  from space 168448K, 90% used [0x000000073d280000,0x00000007466b2570,0x0000000747700000)
  to   space 190464K, 0% used [0x0000000731880000,0x0000000731880000,0x000000073d280000)
 ParOldGen       total 647680K, used 570066K [0x00000005c0000000, 0x00000005e7880000, 0x0000000715580000)
  object space 647680K, 88% used [0x00000005c0000000,0x00000005e2cb4ae0,0x00000005e7880000)
 Metaspace       used 6618K, capacity 7282K, committed 7552K, reserved 1056768K
  class space    used 601K, capacity 618K, committed 640K, reserved 1048576K
}
Event: 35.016 GC heap before
{Heap before GC invocations=26 (full 6):
 PSYoungGen      total 630272K, used 151753K [0x0000000715580000, 0x000000074a680000, 0x00000007c0000000)
  eden space 461824K, 0% used [0x0000000715580000,0x0000000715580000,0x0000000731880000)
  from space 168448K, 90% used [0x000000073d280000,0x00000007466b2570,0x0000000747700000)
  to   space 190464K, 0% used [0x0000000731880000,0x0000000731880000,0x000000073d280000)
 ParOldGen       total 647680K, used 570066K [0x00000005c0000000, 0x00000005e7880000, 0x0000000715580000)
  object space 647680K, 88% used [0x00000005c0000000,0x00000005e2cb4ae0,0x00000005e7880000)
 Metaspace       used 6618K, capacity 7282K, committed 7552K, reserved 1056768K
  class space    used 601K, capacity 618K, committed 640K, reserved 1048576K

