# JRE version: OpenJDK Runtime Environment (8.0_76-b03) (build 1.8.0_76-release-b03)
# Java VM: OpenJDK 64-Bit Server VM (25.76-b03 mixed mode windows-amd64 compressed oops)
Heap:
 PSYoungGen      total 321024K, used 139084K [0x0000000715580000, 0x0000000736000000, 0x00000007c0000000)
  eden space 142336K, 21% used [0x0000000715580000,0x00000007173a98a8,0x000000071e080000)
  from space 178688K, 60% used [0x000000071e080000,0x0000000724a29b08,0x0000000728f00000)
  to   space 182272K, 0% used [0x000000072ae00000,0x000000072ae00000,0x0000000736000000)
 ParOldGen       total 343040K, used 248130K [0x00000005c0000000, 0x00000005d4f00000, 0x0000000715580000)
  object space 343040K, 72% used [0x00000005c0000000,0x00000005cf2508d8,0x00000005d4f00000)
 Metaspace       used 6789K, capacity 7480K, committed 7552K, reserved 1056768K
  class space    used 613K, capacity 624K, committed 640K, reserved 1048576K
GC Heap History (10 events):
Event: 29.330 GC heap before
{Heap before GC invocations=19 (full 4):
 PSYoungGen      total 243712K, used 134656K [0x0000000715580000, 0x0000000730f80000, 0x00000007c0000000)
  eden space 134656K, 100% used [0x0000000715580000,0x000000071d900000,0x000000071d900000)
  from space 109056K, 0% used [0x0000000726300000,0x0000000726300000,0x000000072cd80000)
  to   space 141312K, 0% used [0x000000071d900000,0x000000071d900000,0x0000000726300000)
 ParOldGen       total 343040K, used 189664K [0x00000005c0000000, 0x00000005d4f00000, 0x0000000715580000)
  object space 343040K, 55% used [0x00000005c0000000,0x00000005cb938210,0x00000005d4f00000)
 Metaspace       used 6474K, capacity 7218K, committed 7296K, reserved 1056768K
  class space    used 596K, capacity 618K, committed 640K, reserved 1048576K
Event: 29.379 GC heap after
Heap after GC invocations=19 (full 4):
 PSYoungGen      total 275968K, used 56835K [0x0000000715580000, 0x000000072f900000, 0x00000007c0000000)
  eden space 134656K, 0% used [0x0000000715580000,0x0000000715580000,0x000000071d900000)
  from space 141312K, 40% used [0x000000071d900000,0x0000000721080f68,0x0000000726300000)
  to   space 135168K, 0% used [0x0000000727500000,0x0000000727500000,0x000000072f900000)
 ParOldGen       total 343040K, used 189664K [0x00000005c0000000, 0x00000005d4f00000, 0x0000000715580000)
  object space 343040K, 55% used [0x00000005c0000000,0x00000005cb938210,0x00000005d4f00000)
 Metaspace       used 6474K, capacity 7218K, committed 7296K, reserved 1056768K
  class space    used 596K, capacity 618K, committed 640K, reserved 1048576K
}
Event: 29.966 GC heap before
{Heap before GC invocations=20 (full 4):
 PSYoungGen      total 275968K, used 191491K [0x0000000715580000, 0x000000072f900000, 0x00000007c0000000)
  eden space 134656K, 100% used [0x0000000715580000,0x000000071d900000,0x000000071d900000)
  from space 141312K, 40% used [0x000000071d900000,0x0000000721080f68,0x0000000726300000)
  to   space 135168K, 0% used [0x0000000727500000,0x0000000727500000,0x000000072f900000)
 ParOldGen       total 343040K, used 189664K [0x00000005c0000000, 0x00000005d4f00000, 0x0000000715580000)
  object space 343040K, 55% used [0x00000005c0000000,0x00000005cb938210,0x00000005d4f00000)
 Metaspace       used 6474K, capacity 7218K, committed 7296K, reserved 1056768K
  class space    used 596K, capacity 618K, committed 640K, reserved 1048576K
Event: 30.096 GC heap after
Heap after GC invocations=20 (full 4):
 PSYoungGen      total 289792K, used 85303K [0x0000000715580000, 0x0000000730480000, 0x00000007c0000000)
  eden space 154624K, 0% used [0x0000000715580000,0x0000000715580000,0x000000071ec80000)
  from space 135168K, 63% used [0x0000000727500000,0x000000072c84de18,0x000000072f900000)
  to   space 139776K, 0% used [0x000000071ec80000,0x000000071ec80000,0x0000000727500000)
 ParOldGen       total 343040K, used 189664K [0x00000005c0000000, 0x00000005d4f00000, 0x0000000715580000)
  object space 343040K, 55% used [0x00000005c0000000,0x00000005cb938210,0x00000005d4f00000)
 Metaspace       used 6474K, capacity 7218K, committed 7296K, reserved 1056768K
  class space    used 596K, capacity 618K, committed 640K, reserved 1048576K
}
Event: 32.148 GC heap before
{Heap before GC invocations=21 (full 4):
 PSYoungGen      total 289792K, used 239927K [0x0000000715580000, 0x0000000730480000, 0x00000007c0000000)
  eden space 154624K, 100% used [0x0000000715580000,0x000000071ec80000,0x000000071ec80000)
  from space 135168K, 63% used [0x0000000727500000,0x000000072c84de18,0x000000072f900000)
  to   space 139776K, 0% used [0x000000071ec80000,0x000000071ec80000,0x0000000727500000)
 ParOldGen       total 343040K, used 189664K [0x00000005c0000000, 0x00000005d4f00000, 0x0000000715580000)
  object space 343040K, 55% used [0x00000005c0000000,0x00000005cb938210,0x00000005d4f00000)
 Metaspace       used 6484K, capacity 7218K, committed 7296K, reserved 1056768K
  class space    used 598K, capacity 618K, committed 640K, reserved 1048576K
Event: 32.349 GC heap after
Heap after GC invocations=21 (full 4):
 PSYoungGen      total 294400K, used 94559K [0x0000000715580000, 0x0000000731e00000, 0x00000007c0000000)
  eden space 154624K, 0% used [0x0000000715580000,0x0000000715580000,0x000000071ec80000)
  from space 139776K, 67% used [0x000000071ec80000,0x00000007248d7e80,0x0000000727500000)
  to   space 146432K, 0% used [0x0000000728f00000,0x0000000728f00000,0x0000000731e00000)
 ParOldGen       total 343040K, used 189672K [0x00000005c0000000, 0x00000005d4f00000, 0x0000000715580000)
  object space 343040K, 55% used [0x00000005c0000000,0x00000005cb93a210,0x00000005d4f00000)
 Metaspace       used 6484K, capacity 7218K, committed 7296K, reserved 1056768K
  class space    used 598K, capacity 618K, committed 640K, reserved 1048576K
}
Event: 32.689 GC heap before
{Heap before GC invocations=22 (full 4):
 PSYoungGen      total 294400K, used 249183K [0x0000000715580000, 0x0000000731e00000, 0x00000007c0000000)
  eden space 154624K, 100% used [0x0000000715580000,0x000000071ec80000,0x000000071ec80000)
  from space 139776K, 67% used [0x000000071ec80000,0x00000007248d7e80,0x0000000727500000)
  to   space 146432K, 0% used [0x0000000728f00000,0x0000000728f00000,0x0000000731e00000)
 ParOldGen       total 343040K, used 189672K [0x00000005c0000000, 0x00000005d4f00000, 0x0000000715580000)
  object space 343040K, 55% used [0x00000005c0000000,0x00000005cb93a210,0x00000005d4f00000)
 Metaspace       used 6484K, capacity 7218K, committed 7296K, reserved 1056768K
  class space    used 598K, capacity 618K, committed 640K, reserved 1048576K
Event: 33.152 GC heap after
Heap after GC invocations=22 (full 4):
 PSYoungGen      total 288768K, used 146416K [0x0000000715580000, 0x0000000736700000, 0x00000007c0000000)
  eden space 142336K, 0% used [0x0000000715580000,0x0000000715580000,0x000000071e080000)
  from space 146432K, 99% used [0x0000000728f00000,0x0000000731dfc350,0x0000000731e00000)
  to   space 178688K, 0% used [0x000000071e080000,0x000000071e080000,0x0000000728f00000)
 ParOldGen       total 343040K, used 211202K [0x00000005c0000000, 0x00000005d4f00000, 0x0000000715580000)
  object space 343040K, 61% used [0x00000005c0000000,0x00000005cce40b78,0x00000005d4f00000)
 Metaspace       used 6484K, capacity 7218K, committed 7296K, reserved 1056768K
  class space    used 598K, capacity 618K, committed 640K, reserved 1048576K
}
Event: 33.637 GC heap before
{Heap before GC invocations=23 (full 4):
 PSYoungGen      total 288768K, used 288752K [0x0000000715580000, 0x0000000736700000, 0x00000007c0000000)
  eden space 142336K, 100% used [0x0000000715580000,0x000000071e080000,0x000000071e080000)
  from space 146432K, 99% used [0x0000000728f00000,0x0000000731dfc350,0x0000000731e00000)
  to   space 178688K, 0% used [0x000000071e080000,0x000000071e080000,0x0000000728f00000)
 ParOldGen       total 343040K, used 211202K [0x00000005c0000000, 0x00000005d4f00000, 0x0000000715580000)
  object space 343040K, 61% used [0x00000005c0000000,0x00000005cce40b78,0x00000005d4f00000)
 Metaspace       used 6484K, capacity 7218K, committed 7296K, reserved 1056768K
  class space    used 598K, capacity 618K, committed 640K, reserved 1048576K
Event: 33.811 GC heap after
Heap after GC invocations=23 (full 4):
 PSYoungGen      total 321024K, used 108198K [0x0000000715580000, 0x0000000736000000, 0x00000007c0000000)
  eden space 142336K, 0% used [0x0000000715580000,0x0000000715580000,0x000000071e080000)
  from space 178688K, 60% used [0x000000071e080000,0x0000000724a29b08,0x0000000728f00000)
  to   space 182272K, 0% used [0x000000072ae00000,0x000000072ae00000,0x0000000736000000)
 ParOldGen       total 343040K, used 248130K [0x00000005c0000000, 0x00000005d4f00000, 0x0000000715580000)
  object space 343040K, 72% used [0x00000005c0000000,0x00000005cf2508d8,0x00000005d4f00000)
 Metaspace       used 6484K, capacity 7218K, committed 7296K, reserved 1056768K
  class space    used 598K, capacity 618K, committed 640K, reserved 1048576K
}

