# JRE version: OpenJDK Runtime Environment (8.0_76-b03) (build 1.8.0_76-release-b03)
# Java VM: OpenJDK 64-Bit Server VM (25.76-b03 mixed mode windows-amd64 compressed oops)
Heap:
 PSYoungGen      total 719360K, used 683339K [0x0000000715580000, 0x0000000760280000, 0x00000007c0000000)
  eden space 353792K, 100% used [0x0000000715580000,0x000000072af00000,0x000000072af00000)
  from space 365568K, 90% used [0x0000000744000000,0x00000007581d2fb8,0x000000075a500000)
  to   space 410624K, 75% used [0x000000072af00000,0x000000073de6c020,0x0000000744000000)
 ParOldGen       total 903168K, used 667650K [0x00000005c0000000, 0x00000005f7200000, 0x0000000715580000)
  object space 903168K, 73% used [0x00000005c0000000,0x00000005e8c00aa8,0x00000005f7200000)
 Metaspace       used 7315K, capacity 7864K, committed 8192K, reserved 1056768K
  class space    used 638K, capacity 688K, committed 768K, reserved 1048576K
GC Heap History (10 events):
Event: 72.553 GC heap after
Heap after GC invocations=34 (full 7):
 PSYoungGen      total 642560K, used 226239K [0x0000000715580000, 0x0000000752800000, 0x00000007c0000000)
  eden space 351232K, 0% used [0x0000000715580000,0x0000000715580000,0x000000072ac80000)
  from space 291328K, 77% used [0x000000073e200000,0x000000074beefe68,0x000000074fe80000)
  to   space 316928K, 0% used [0x000000072ac80000,0x000000072ac80000,0x000000073e200000)
 ParOldGen       total 903168K, used 667632K [0x00000005c0000000, 0x00000005f7200000, 0x0000000715580000)
  object space 903168K, 73% used [0x00000005c0000000,0x00000005e8bfc330,0x00000005f7200000)
 Metaspace       used 6640K, capacity 7282K, committed 7552K, reserved 1056768K
  class space    used 601K, capacity 618K, committed 640K, reserved 1048576K
}
Event: 87.492 GC heap before
{Heap before GC invocations=35 (full 7):
 PSYoungGen      total 642560K, used 577471K [0x0000000715580000, 0x0000000752800000, 0x00000007c0000000)
  eden space 351232K, 100% used [0x0000000715580000,0x000000072ac80000,0x000000072ac80000)
  from space 291328K, 77% used [0x000000073e200000,0x000000074beefe68,0x000000074fe80000)
  to   space 316928K, 0% used [0x000000072ac80000,0x000000072ac80000,0x000000073e200000)
 ParOldGen       total 903168K, used 667633K [0x00000005c0000000, 0x00000005f7200000, 0x0000000715580000)
  object space 903168K, 73% used [0x00000005c0000000,0x00000005e8bfc530,0x00000005f7200000)
 Metaspace       used 6640K, capacity 7282K, committed 7552K, reserved 1056768K
  class space    used 601K, capacity 618K, committed 640K, reserved 1048576K
Event: 87.720 GC heap after
Heap after GC invocations=35 (full 7):
 PSYoungGen      total 668160K, used 167424K [0x0000000715580000, 0x0000000753300000, 0x00000007c0000000)
  eden space 351232K, 0% used [0x0000000715580000,0x0000000715580000,0x000000072ac80000)
  from space 316928K, 52% used [0x000000072ac80000,0x0000000735000088,0x000000073e200000)
  to   space 314880K, 0% used [0x000000073ff80000,0x000000073ff80000,0x0000000753300000)
 ParOldGen       total 903168K, used 667633K [0x00000005c0000000, 0x00000005f7200000, 0x0000000715580000)
  object space 903168K, 73% used [0x00000005c0000000,0x00000005e8bfc530,0x00000005f7200000)
 Metaspace       used 6640K, capacity 7282K, committed 7552K, reserved 1056768K
  class space    used 601K, capacity 618K, committed 640K, reserved 1048576K
}
Event: 90.137 GC heap before
{Heap before GC invocations=36 (full 7):
 PSYoungGen      total 668160K, used 518656K [0x0000000715580000, 0x0000000753300000, 0x00000007c0000000)
  eden space 351232K, 100% used [0x0000000715580000,0x000000072ac80000,0x000000072ac80000)
  from space 316928K, 52% used [0x000000072ac80000,0x0000000735000088,0x000000073e200000)
  to   space 314880K, 0% used [0x000000073ff80000,0x000000073ff80000,0x0000000753300000)
 ParOldGen       total 903168K, used 667634K [0x00000005c0000000, 0x00000005f7200000, 0x0000000715580000)
  object space 903168K, 73% used [0x00000005c0000000,0x00000005e8bfcaa8,0x00000005f7200000)
 Metaspace       used 6641K, capacity 7282K, committed 7552K, reserved 1056768K
  class space    used 601K, capacity 618K, committed 640K, reserved 1048576K
Event: 90.333 GC heap after
Heap after GC invocations=36 (full 7):
 PSYoungGen      total 680960K, used 222846K [0x0000000715580000, 0x0000000755300000, 0x00000007c0000000)
  eden space 366080K, 0% used [0x0000000715580000,0x0000000715580000,0x000000072bb00000)
  from space 314880K, 70% used [0x000000073ff80000,0x000000074d91f820,0x0000000753300000)
  to   space 332288K, 0% used [0x000000072bb00000,0x000000072bb00000,0x000000073ff80000)
 ParOldGen       total 903168K, used 667634K [0x00000005c0000000, 0x00000005f7200000, 0x0000000715580000)
  object space 903168K, 73% used [0x00000005c0000000,0x00000005e8bfcaa8,0x00000005f7200000)
 Metaspace       used 6641K, capacity 7282K, committed 7552K, reserved 1056768K
  class space    used 601K, capacity 618K, committed 640K, reserved 1048576K
}
Event: 92.244 GC heap before
{Heap before GC invocations=37 (full 7):
 PSYoungGen      total 680960K, used 588926K [0x0000000715580000, 0x0000000755300000, 0x00000007c0000000)
  eden space 366080K, 100% used [0x0000000715580000,0x000000072bb00000,0x000000072bb00000)
  from space 314880K, 70% used [0x000000073ff80000,0x000000074d91f820,0x0000000753300000)
  to   space 332288K, 0% used [0x000000072bb00000,0x000000072bb00000,0x000000073ff80000)
 ParOldGen       total 903168K, used 667634K [0x00000005c0000000, 0x00000005f7200000, 0x0000000715580000)
  object space 903168K, 73% used [0x00000005c0000000,0x00000005e8bfcaa8,0x00000005f7200000)
 Metaspace       used 6643K, capacity 7282K, committed 7552K, reserved 1056768K
  class space    used 602K, capacity 618K, committed 640K, reserved 1048576K
Event: 92.498 GC heap after
Heap after GC invocations=37 (full 7):
 PSYoungGen      total 698368K, used 276636K [0x0000000715580000, 0x000000075a500000, 0x00000007c0000000)
  eden space 366080K, 0% used [0x0000000715580000,0x0000000715580000,0x000000072bb00000)
  from space 332288K, 83% used [0x000000072bb00000,0x000000073c927168,0x000000073ff80000)
  to   space 365568K, 0% used [0x0000000744000000,0x0000000744000000,0x000000075a500000)
 ParOldGen       total 903168K, used 667634K [0x00000005c0000000, 0x00000005f7200000, 0x0000000715580000)
  object space 903168K, 73% used [0x00000005c0000000,0x00000005e8bfcaa8,0x00000005f7200000)
 Metaspace       used 6643K, capacity 7282K, committed 7552K, reserved 1056768K
  class space    used 602K, capacity 618K, committed 640K, reserved 1048576K
}
Event: 94.180 GC heap before
{Heap before GC invocations=38 (full 7):
 PSYoungGen      total 698368K, used 642716K [0x0000000715580000, 0x000000075a500000, 0x00000007c0000000)
  eden space 366080K, 100% used [0x0000000715580000,0x000000072bb00000,0x000000072bb00000)
  from space 332288K, 83% used [0x000000072bb00000,0x000000073c927168,0x000000073ff80000)
  to   space 365568K, 0% used [0x0000000744000000,0x0000000744000000,0x000000075a500000)
 ParOldGen       total 903168K, used 667634K [0x00000005c0000000, 0x00000005f7200000, 0x0000000715580000)
  object space 903168K, 73% used [0x00000005c0000000,0x00000005e8bfcaa8,0x00000005f7200000)
 Metaspace       used 6749K, capacity 7352K, committed 7552K, reserved 1056768K
  class space    used 608K, capacity 624K, committed 640K, reserved 1048576K
Event: 94.613 GC heap after
Heap after GC invocations=38 (full 7):
 PSYoungGen      total 719360K, used 329547K [0x0000000715580000, 0x0000000760280000, 0x00000007c0000000)
  eden space 353792K, 0% used [0x0000000715580000,0x0000000715580000,0x000000072af00000)
  from space 365568K, 90% used [0x0000000744000000,0x00000007581d2fb8,0x000000075a500000)
  to   space 410624K, 0% used [0x000000072af00000,0x000000072af00000,0x0000000744000000)
 ParOldGen       total 903168K, used 667642K [0x00000005c0000000, 0x00000005f7200000, 0x0000000715580000)
  object space 903168K, 73% used [0x00000005c0000000,0x00000005e8bfeaa8,0x00000005f7200000)
 Metaspace       used 6749K, capacity 7352K, committed 7552K, reserved 1056768K
  class space    used 608K, capacity 624K, committed 640K, reserved 1048576K
}
Event: 101.897 GC heap before
{Heap before GC invocations=39 (full 7):
 PSYoungGen      total 719360K, used 683339K [0x0000000715580000, 0x0000000760280000, 0x00000007c0000000)
  eden space 353792K, 100% used [0x0000000715580000,0x000000072af00000,0x000000072af00000)
  from space 365568K, 90% used [0x0000000744000000,0x00000007581d2fb8,0x000000075a500000)
  to   space 410624K, 0% used [0x000000072af00000,0x000000072af00000,0x0000000744000000)
 ParOldGen       total 903168K, used 667642K [0x00000005c0000000, 0x00000005f7200000, 0x0000000715580000)
  object space 903168K, 73% used [0x00000005c0000000,0x00000005e8bfeaa8,0x00000005f7200000)
 Metaspace       used 7315K, capacity 7864K, committed 8192K, reserved 1056768K
  class space    used 638K, capacity 688K, committed 768K, reserved 1048576K

