# JRE version: OpenJDK Runtime Environment (8.0_76-b03) (build 1.8.0_76-release-b03)
# Java VM: OpenJDK 64-Bit Server VM (25.76-b03 mixed mode windows-amd64 compressed oops)
Heap:
 PSYoungGen      total 612352K, used 419125K [0x0000000715580000, 0x0000000753f00000, 0x00000007c0000000)
  eden space 350208K, 44% used [0x0000000715580000,0x000000071eed2718,0x000000072ab80000)
  from space 262144K, 99% used [0x000000073dc80000,0x000000074dc7af78,0x000000074dc80000)
  to   space 312320K, 0% used [0x000000072ab80000,0x000000072ab80000,0x000000073dc80000)
 ParOldGen       total 949248K, used 695045K [0x00000005c0000000, 0x00000005f9f00000, 0x0000000715580000)
  object space 949248K, 73% used [0x00000005c0000000,0x00000005ea6c1720,0x00000005f9f00000)
 Metaspace       used 6994K, capacity 7608K, committed 7808K, reserved 1056768K
  class space    used 620K, capacity 624K, committed 640K, reserved 1048576K
GC Heap History (10 events):
Event: 70.890 GC heap before
{Heap before GC invocations=31 (full 7):
 PSYoungGen      total 584704K, used 340992K [0x0000000715580000, 0x000000074a500000, 0x00000007c0000000)
  eden space 340992K, 100% used [0x0000000715580000,0x000000072a280000,0x000000072a280000)
  from space 243712K, 0% used [0x000000072a280000,0x000000072a280000,0x0000000739080000)
  to   space 243200K, 0% used [0x000000073b780000,0x000000073b780000,0x000000074a500000)
 ParOldGen       total 949248K, used 671888K [0x00000005c0000000, 0x00000005f9f00000, 0x0000000715580000)
  object space 949248K, 70% used [0x00000005c0000000,0x00000005e9024208,0x00000005f9f00000)
 Metaspace       used 6635K, capacity 7282K, committed 7552K, reserved 1056768K
  class space    used 601K, capacity 618K, committed 640K, reserved 1048576K
Event: 70.978 GC heap after
Heap after GC invocations=31 (full 7):
 PSYoungGen      total 573440K, used 87229K [0x0000000715580000, 0x0000000747d80000, 0x00000007c0000000)
  eden space 370688K, 0% used [0x0000000715580000,0x0000000715580000,0x000000072bf80000)
  from space 202752K, 43% used [0x000000073b780000,0x0000000740caf490,0x0000000747d80000)
  to   space 228352K, 0% used [0x000000072bf80000,0x000000072bf80000,0x0000000739e80000)
 ParOldGen       total 949248K, used 671888K [0x00000005c0000000, 0x00000005f9f00000, 0x0000000715580000)
  object space 949248K, 70% used [0x00000005c0000000,0x00000005e9024208,0x00000005f9f00000)
 Metaspace       used 6635K, capacity 7282K, committed 7552K, reserved 1056768K
  class space    used 601K, capacity 618K, committed 640K, reserved 1048576K
}
Event: 73.699 GC heap before
{Heap before GC invocations=32 (full 7):
 PSYoungGen      total 573440K, used 457917K [0x0000000715580000, 0x0000000747d80000, 0x00000007c0000000)
  eden space 370688K, 100% used [0x0000000715580000,0x000000072bf80000,0x000000072bf80000)
  from space 202752K, 43% used [0x000000073b780000,0x0000000740caf490,0x0000000747d80000)
  to   space 228352K, 0% used [0x000000072bf80000,0x000000072bf80000,0x0000000739e80000)
 ParOldGen       total 949248K, used 671888K [0x00000005c0000000, 0x00000005f9f00000, 0x0000000715580000)
  object space 949248K, 70% used [0x00000005c0000000,0x00000005e9024208,0x00000005f9f00000)
 Metaspace       used 6635K, capacity 7282K, committed 7552K, reserved 1056768K
  class space    used 601K, capacity 618K, committed 640K, reserved 1048576K
Event: 73.831 GC heap after
Heap after GC invocations=32 (full 7):
 PSYoungGen      total 599040K, used 100679K [0x0000000715580000, 0x0000000748080000, 0x00000007c0000000)
  eden space 370688K, 0% used [0x0000000715580000,0x0000000715580000,0x000000072bf80000)
  from space 228352K, 44% used [0x000000072bf80000,0x00000007321d1d50,0x0000000739e80000)
  to   space 218624K, 0% used [0x000000073ab00000,0x000000073ab00000,0x0000000748080000)
 ParOldGen       total 949248K, used 671888K [0x00000005c0000000, 0x00000005f9f00000, 0x0000000715580000)
  object space 949248K, 70% used [0x00000005c0000000,0x00000005e9024208,0x00000005f9f00000)
 Metaspace       used 6635K, capacity 7282K, committed 7552K, reserved 1056768K
  class space    used 601K, capacity 618K, committed 640K, reserved 1048576K
}
Event: 86.811 GC heap before
{Heap before GC invocations=33 (full 7):
 PSYoungGen      total 599040K, used 471367K [0x0000000715580000, 0x0000000748080000, 0x00000007c0000000)
  eden space 370688K, 100% used [0x0000000715580000,0x000000072bf80000,0x000000072bf80000)
  from space 228352K, 44% used [0x000000072bf80000,0x00000007321d1d50,0x0000000739e80000)
  to   space 218624K, 0% used [0x000000073ab00000,0x000000073ab00000,0x0000000748080000)
 ParOldGen       total 949248K, used 671888K [0x00000005c0000000, 0x00000005f9f00000, 0x0000000715580000)
  object space 949248K, 70% used [0x00000005c0000000,0x00000005e9024208,0x00000005f9f00000)
 Metaspace       used 6636K, capacity 7282K, committed 7552K, reserved 1056768K
  class space    used 601K, capacity 618K, committed 640K, reserved 1048576K
Event: 86.985 GC heap after
Heap after GC invocations=33 (full 7):
 PSYoungGen      total 599040K, used 159606K [0x0000000715580000, 0x0000000749600000, 0x00000007c0000000)
  eden space 380416K, 0% used [0x0000000715580000,0x0000000715580000,0x000000072c900000)
  from space 218624K, 73% used [0x000000073ab00000,0x00000007446ddaf8,0x0000000748080000)
  to   space 231424K, 0% used [0x000000072c900000,0x000000072c900000,0x000000073ab00000)
 ParOldGen       total 949248K, used 671888K [0x00000005c0000000, 0x00000005f9f00000, 0x0000000715580000)
  object space 949248K, 70% used [0x00000005c0000000,0x00000005e9024208,0x00000005f9f00000)
 Metaspace       used 6636K, capacity 7282K, committed 7552K, reserved 1056768K
  class space    used 601K, capacity 618K, committed 640K, reserved 1048576K
}
Event: 91.078 GC heap before
{Heap before GC invocations=34 (full 7):
 PSYoungGen      total 599040K, used 540022K [0x0000000715580000, 0x0000000749600000, 0x00000007c0000000)
  eden space 380416K, 100% used [0x0000000715580000,0x000000072c900000,0x000000072c900000)
  from space 218624K, 73% used [0x000000073ab00000,0x00000007446ddaf8,0x0000000748080000)
  to   space 231424K, 0% used [0x000000072c900000,0x000000072c900000,0x000000073ab00000)
 ParOldGen       total 949248K, used 671888K [0x00000005c0000000, 0x00000005f9f00000, 0x0000000715580000)
  object space 949248K, 70% used [0x00000005c0000000,0x00000005e9024208,0x00000005f9f00000)
 Metaspace       used 6636K, capacity 7282K, committed 7552K, reserved 1056768K
  class space    used 601K, capacity 618K, committed 640K, reserved 1048576K
Event: 91.340 GC heap after
Heap after GC invocations=34 (full 7):
 PSYoungGen      total 611840K, used 217200K [0x0000000715580000, 0x000000074dc80000, 0x00000007c0000000)
  eden space 380416K, 0% used [0x0000000715580000,0x0000000715580000,0x000000072c900000)
  from space 231424K, 93% used [0x000000072c900000,0x0000000739d1c240,0x000000073ab00000)
  to   space 262144K, 0% used [0x000000073dc80000,0x000000073dc80000,0x000000074dc80000)
 ParOldGen       total 949248K, used 671888K [0x00000005c0000000, 0x00000005f9f00000, 0x0000000715580000)
  object space 949248K, 70% used [0x00000005c0000000,0x00000005e9024208,0x00000005f9f00000)
 Metaspace       used 6636K, capacity 7282K, committed 7552K, reserved 1056768K
  class space    used 601K, capacity 618K, committed 640K, reserved 1048576K
}
Event: 97.957 GC heap before
{Heap before GC invocations=35 (full 7):
 PSYoungGen      total 611840K, used 597616K [0x0000000715580000, 0x000000074dc80000, 0x00000007c0000000)
  eden space 380416K, 100% used [0x0000000715580000,0x000000072c900000,0x000000072c900000)
  from space 231424K, 93% used [0x000000072c900000,0x0000000739d1c240,0x000000073ab00000)
  to   space 262144K, 0% used [0x000000073dc80000,0x000000073dc80000,0x000000074dc80000)
 ParOldGen       total 949248K, used 671888K [0x00000005c0000000, 0x00000005f9f00000, 0x0000000715580000)
  object space 949248K, 70% used [0x00000005c0000000,0x00000005e9024208,0x00000005f9f00000)
 Metaspace       used 6990K, capacity 7608K, committed 7808K, reserved 1056768K
  class space    used 620K, capacity 624K, committed 640K, reserved 1048576K
Event: 98.373 GC heap after
Heap after GC invocations=35 (full 7):
 PSYoungGen      total 612352K, used 262123K [0x0000000715580000, 0x0000000753f00000, 0x00000007c0000000)
  eden space 350208K, 0% used [0x0000000715580000,0x0000000715580000,0x000000072ab80000)
  from space 262144K, 99% used [0x000000073dc80000,0x000000074dc7af78,0x000000074dc80000)
  to   space 312320K, 0% used [0x000000072ab80000,0x000000072ab80000,0x000000073dc80000)
 ParOldGen       total 949248K, used 695045K [0x00000005c0000000, 0x00000005f9f00000, 0x0000000715580000)
  object space 949248K, 73% used [0x00000005c0000000,0x00000005ea6c1720,0x00000005f9f00000)
 Metaspace       used 6990K, capacity 7608K, committed 7808K, reserved 1056768K
  class space    used 620K, capacity 624K, committed 640K, reserved 1048576K
}

