# JRE version: OpenJDK Runtime Environment (8.0_76-b03) (build 1.8.0_76-release-b03)
# Java VM: OpenJDK 64-Bit Server VM (25.76-b03 mixed mode windows-amd64 compressed oops)
Heap:
 PSYoungGen      total 567296K, used 174580K [0x0000000715580000, 0x0000000751f80000, 0x00000007c0000000)
  eden space 392704K, 0% used [0x0000000715580000,0x0000000715580000,0x000000072d500000)
  from space 174592K, 99% used [0x000000073cd00000,0x000000074777d1d8,0x0000000747780000)
  to   space 253952K, 0% used [0x000000072d500000,0x000000072d500000,0x000000073cd00000)
 ParOldGen       total 561152K, used 560781K [0x00000005c0000000, 0x00000005e2400000, 0x0000000715580000)
  object space 561152K, 99% used [0x00000005c0000000,0x00000005e23a37a0,0x00000005e2400000)
 Metaspace       used 6626K, capacity 7282K, committed 7552K, reserved 1056768K
  class space    used 601K, capacity 618K, committed 640K, reserved 1048576K
GC Heap History (10 events):
Event: 52.890 GC heap after
Heap after GC invocations=23 (full 4):
 PSYoungGen      total 490496K, used 62662K [0x0000000715580000, 0x000000073d300000, 0x00000007c0000000)
  eden space 376320K, 0% used [0x0000000715580000,0x0000000715580000,0x000000072c500000)
  from space 114176K, 54% used [0x000000072c500000,0x0000000730231bd8,0x0000000733480000)
  to   space 115200K, 0% used [0x0000000736280000,0x0000000736280000,0x000000073d300000)
 ParOldGen       total 376320K, used 375682K [0x00000005c0000000, 0x00000005d6f80000, 0x0000000715580000)
  object space 376320K, 99% used [0x00000005c0000000,0x00000005d6ee09b8,0x00000005d6f80000)
 Metaspace       used 6614K, capacity 7282K, committed 7552K, reserved 1056768K
  class space    used 600K, capacity 618K, committed 640K, reserved 1048576K
}
Event: 52.890 GC heap before
{Heap before GC invocations=24 (full 5):
 PSYoungGen      total 490496K, used 62662K [0x0000000715580000, 0x000000073d300000, 0x00000007c0000000)
  eden space 376320K, 0% used [0x0000000715580000,0x0000000715580000,0x000000072c500000)
  from space 114176K, 54% used [0x000000072c500000,0x0000000730231bd8,0x0000000733480000)
  to   space 115200K, 0% used [0x0000000736280000,0x0000000736280000,0x000000073d300000)
 ParOldGen       total 376320K, used 375682K [0x00000005c0000000, 0x00000005d6f80000, 0x0000000715580000)
  object space 376320K, 99% used [0x00000005c0000000,0x00000005d6ee09b8,0x00000005d6f80000)
 Metaspace       used 6614K, capacity 7282K, committed 7552K, reserved 1056768K
  class space    used 600K, capacity 618K, committed 640K, reserved 1048576K
Event: 55.384 GC heap after
Heap after GC invocations=24 (full 5):
 PSYoungGen      total 490496K, used 56122K [0x0000000715580000, 0x000000073d300000, 0x00000007c0000000)
  eden space 376320K, 0% used [0x0000000715580000,0x0000000715580000,0x000000072c500000)
  from space 114176K, 49% used [0x000000072c500000,0x000000072fbcea00,0x0000000733480000)
  to   space 115200K, 0% used [0x0000000736280000,0x0000000736280000,0x000000073d300000)
 ParOldGen       total 535552K, used 376214K [0x00000005c0000000, 0x00000005e0b00000, 0x0000000715580000)
  object space 535552K, 70% used [0x00000005c0000000,0x00000005d6f65a70,0x00000005e0b00000)
 Metaspace       used 6614K, capacity 7282K, committed 7552K, reserved 1056768K
  class space    used 600K, capacity 618K, committed 640K, reserved 1048576K
}
Event: 56.437 GC heap before
{Heap before GC invocations=25 (full 5):
 PSYoungGen      total 490496K, used 432442K [0x0000000715580000, 0x000000073d300000, 0x00000007c0000000)
  eden space 376320K, 100% used [0x0000000715580000,0x000000072c500000,0x000000072c500000)
  from space 114176K, 49% used [0x000000072c500000,0x000000072fbcea00,0x0000000733480000)
  to   space 115200K, 0% used [0x0000000736280000,0x0000000736280000,0x000000073d300000)
 ParOldGen       total 535552K, used 376214K [0x00000005c0000000, 0x00000005e0b00000, 0x0000000715580000)
  object space 535552K, 70% used [0x00000005c0000000,0x00000005d6f65a70,0x00000005e0b00000)
 Metaspace       used 6626K, capacity 7282K, committed 7552K, reserved 1056768K
  class space    used 601K, capacity 618K, committed 640K, reserved 1048576K
Event: 56.695 GC heap after
Heap after GC invocations=25 (full 5):
 PSYoungGen      total 519680K, used 112107K [0x0000000715580000, 0x000000073f780000, 0x00000007c0000000)
  eden space 404480K, 0% used [0x0000000715580000,0x0000000715580000,0x000000072e080000)
  from space 115200K, 97% used [0x0000000736280000,0x000000073cffae88,0x000000073d300000)
  to   space 133120K, 0% used [0x000000072e080000,0x000000072e080000,0x0000000736280000)
 ParOldGen       total 535552K, used 376214K [0x00000005c0000000, 0x00000005e0b00000, 0x0000000715580000)
  object space 535552K, 70% used [0x00000005c0000000,0x00000005d6f65a70,0x00000005e0b00000)
 Metaspace       used 6626K, capacity 7282K, committed 7552K, reserved 1056768K
  class space    used 601K, capacity 618K, committed 640K, reserved 1048576K
}
Event: 57.923 GC heap before
{Heap before GC invocations=26 (full 5):
 PSYoungGen      total 519680K, used 516587K [0x0000000715580000, 0x000000073f780000, 0x00000007c0000000)
  eden space 404480K, 100% used [0x0000000715580000,0x000000072e080000,0x000000072e080000)
  from space 115200K, 97% used [0x0000000736280000,0x000000073cffae88,0x000000073d300000)
  to   space 133120K, 0% used [0x000000072e080000,0x000000072e080000,0x0000000736280000)
 ParOldGen       total 535552K, used 376214K [0x00000005c0000000, 0x00000005e0b00000, 0x0000000715580000)
  object space 535552K, 70% used [0x00000005c0000000,0x00000005d6f65a70,0x00000005e0b00000)
 Metaspace       used 6626K, capacity 7282K, committed 7552K, reserved 1056768K
  class space    used 601K, capacity 618K, committed 640K, reserved 1048576K
Event: 58.209 GC heap after
Heap after GC invocations=26 (full 5):
 PSYoungGen      total 537600K, used 133090K [0x0000000715580000, 0x0000000747780000, 0x00000007c0000000)
  eden space 404480K, 0% used [0x0000000715580000,0x0000000715580000,0x000000072e080000)
  from space 133120K, 99% used [0x000000072e080000,0x0000000736278a30,0x0000000736280000)
  to   space 174592K, 0% used [0x000000073cd00000,0x000000073cd00000,0x0000000747780000)
 ParOldGen       total 535552K, used 427043K [0x00000005c0000000, 0x00000005e0b00000, 0x0000000715580000)
  object space 535552K, 79% used [0x00000005c0000000,0x00000005da108c88,0x00000005e0b00000)
 Metaspace       used 6626K, capacity 7282K, committed 7552K, reserved 1056768K
  class space    used 601K, capacity 618K, committed 640K, reserved 1048576K
}
Event: 60.034 GC heap before
{Heap before GC invocations=27 (full 5):
 PSYoungGen      total 537600K, used 537570K [0x0000000715580000, 0x0000000747780000, 0x00000007c0000000)
  eden space 404480K, 100% used [0x0000000715580000,0x000000072e080000,0x000000072e080000)
  from space 133120K, 99% used [0x000000072e080000,0x0000000736278a30,0x0000000736280000)
  to   space 174592K, 0% used [0x000000073cd00000,0x000000073cd00000,0x0000000747780000)
 ParOldGen       total 535552K, used 427043K [0x00000005c0000000, 0x00000005e0b00000, 0x0000000715580000)
  object space 535552K, 79% used [0x00000005c0000000,0x00000005da108c88,0x00000005e0b00000)
 Metaspace       used 6626K, capacity 7282K, committed 7552K, reserved 1056768K
  class space    used 601K, capacity 618K, committed 640K, reserved 1048576K
Event: 60.582 GC heap after
Heap after GC invocations=27 (full 5):
 PSYoungGen      total 567296K, used 174580K [0x0000000715580000, 0x0000000751f80000, 0x00000007c0000000)
  eden space 392704K, 0% used [0x0000000715580000,0x0000000715580000,0x000000072d500000)
  from space 174592K, 99% used [0x000000073cd00000,0x000000074777d1d8,0x0000000747780000)
  to   space 253952K, 0% used [0x000000072d500000,0x000000072d500000,0x000000073cd00000)
 ParOldGen       total 561152K, used 560781K [0x00000005c0000000, 0x00000005e2400000, 0x0000000715580000)
  object space 561152K, 99% used [0x00000005c0000000,0x00000005e23a37a0,0x00000005e2400000)
 Metaspace       used 6626K, capacity 7282K, committed 7552K, reserved 1056768K
  class space    used 601K, capacity 618K, committed 640K, reserved 1048576K
}
Event: 60.582 GC heap before
{Heap before GC invocations=28 (full 6):
 PSYoungGen      total 567296K, used 174580K [0x0000000715580000, 0x0000000751f80000, 0x00000007c0000000)
  eden space 392704K, 0% used [0x0000000715580000,0x0000000715580000,0x000000072d500000)
  from space 174592K, 99% used [0x000000073cd00000,0x000000074777d1d8,0x0000000747780000)
  to   space 253952K, 0% used [0x000000072d500000,0x000000072d500000,0x000000073cd00000)
 ParOldGen       total 561152K, used 560781K [0x00000005c0000000, 0x00000005e2400000, 0x0000000715580000)
  object space 561152K, 99% used [0x00000005c0000000,0x00000005e23a37a0,0x00000005e2400000)
 Metaspace       used 6626K, capacity 7282K, committed 7552K, reserved 1056768K
  class space    used 601K, capacity 618K, committed 640K, reserved 1048576K

