# JRE version: OpenJDK Runtime Environment (8.0_76-b03) (build 1.8.0_76-release-b03)
# Java VM: OpenJDK 64-Bit Server VM (25.76-b03 mixed mode windows-amd64 compressed oops)
Heap:
 PSYoungGen      total 587776K, used 116527K [0x0000000715580000, 0x0000000744f00000, 0x00000007c0000000)
  eden space 447488K, 0% used [0x0000000715580000,0x0000000715580000,0x0000000730a80000)
  from space 140288K, 83% used [0x000000073a200000,0x00000007413cbc68,0x0000000742b00000)
  to   space 155136K, 0% used [0x0000000730a80000,0x0000000730a80000,0x000000073a200000)
 ParOldGen       total 457216K, used 398780K [0x00000005c0000000, 0x00000005dbe80000, 0x0000000715580000)
  object space 457216K, 87% used [0x00000005c0000000,0x00000005d856f370,0x00000005dbe80000)
 Metaspace       used 6626K, capacity 7282K, committed 7552K, reserved 1056768K
  class space    used 602K, capacity 618K, committed 640K, reserved 1048576K
GC Heap History (10 events):
Event: 16.880 GC heap after
Heap after GC invocations=18 (full 3):
 PSYoungGen      total 454656K, used 55924K [0x0000000715580000, 0x000000073b400000, 0x00000007c0000000)
  eden space 361472K, 0% used [0x0000000715580000,0x0000000715580000,0x000000072b680000)
  from space 93184K, 60% used [0x000000072b680000,0x000000072ed1d010,0x0000000731180000)
  to   space 95744K, 0% used [0x0000000735680000,0x0000000735680000,0x000000073b400000)
 ParOldGen       total 297472K, used 271544K [0x00000005c0000000, 0x00000005d2280000, 0x0000000715580000)
  object space 297472K, 91% used [0x00000005c0000000,0x00000005d092e3b8,0x00000005d2280000)
 Metaspace       used 6609K, capacity 7282K, committed 7552K, reserved 1056768K
  class space    used 599K, capacity 618K, committed 640K, reserved 1048576K
}
Event: 16.880 GC heap before
{Heap before GC invocations=19 (full 4):
 PSYoungGen      total 454656K, used 55924K [0x0000000715580000, 0x000000073b400000, 0x00000007c0000000)
  eden space 361472K, 0% used [0x0000000715580000,0x0000000715580000,0x000000072b680000)
  from space 93184K, 60% used [0x000000072b680000,0x000000072ed1d010,0x0000000731180000)
  to   space 95744K, 0% used [0x0000000735680000,0x0000000735680000,0x000000073b400000)
 ParOldGen       total 297472K, used 271544K [0x00000005c0000000, 0x00000005d2280000, 0x0000000715580000)
  object space 297472K, 91% used [0x00000005c0000000,0x00000005d092e3b8,0x00000005d2280000)
 Metaspace       used 6609K, capacity 7282K, committed 7552K, reserved 1056768K
  class space    used 599K, capacity 618K, committed 640K, reserved 1048576K
Event: 18.458 GC heap after
Heap after GC invocations=19 (full 4):
 PSYoungGen      total 454656K, used 27561K [0x0000000715580000, 0x000000073b400000, 0x00000007c0000000)
  eden space 361472K, 0% used [0x0000000715580000,0x0000000715580000,0x000000072b680000)
  from space 93184K, 29% used [0x000000072b680000,0x000000072d16a6d0,0x0000000731180000)
  to   space 95744K, 0% used [0x0000000735680000,0x0000000735680000,0x000000073b400000)
 ParOldGen       total 457216K, used 297306K [0x00000005c0000000, 0x00000005dbe80000, 0x0000000715580000)
  object space 457216K, 65% used [0x00000005c0000000,0x00000005d2256918,0x00000005dbe80000)
 Metaspace       used 6609K, capacity 7282K, committed 7552K, reserved 1056768K
  class space    used 599K, capacity 618K, committed 640K, reserved 1048576K
}
Event: 21.387 GC heap before
{Heap before GC invocations=20 (full 4):
 PSYoungGen      total 454656K, used 389033K [0x0000000715580000, 0x000000073b400000, 0x00000007c0000000)
  eden space 361472K, 100% used [0x0000000715580000,0x000000072b680000,0x000000072b680000)
  from space 93184K, 29% used [0x000000072b680000,0x000000072d16a6d0,0x0000000731180000)
  to   space 95744K, 0% used [0x0000000735680000,0x0000000735680000,0x000000073b400000)
 ParOldGen       total 457216K, used 297335K [0x00000005c0000000, 0x00000005dbe80000, 0x0000000715580000)
  object space 457216K, 65% used [0x00000005c0000000,0x00000005d225df48,0x00000005dbe80000)
 Metaspace       used 6610K, capacity 7282K, committed 7552K, reserved 1056768K
  class space    used 600K, capacity 618K, committed 640K, reserved 1048576K
Event: 21.606 GC heap after
Heap after GC invocations=20 (full 4):
 PSYoungGen      total 514560K, used 81469K [0x0000000715580000, 0x000000073bf00000, 0x00000007c0000000)
  eden space 418816K, 0% used [0x0000000715580000,0x0000000715580000,0x000000072ee80000)
  from space 95744K, 85% used [0x0000000735680000,0x000000073a60f550,0x000000073b400000)
  to   space 106496K, 0% used [0x000000072ee80000,0x000000072ee80000,0x0000000735680000)
 ParOldGen       total 457216K, used 297343K [0x00000005c0000000, 0x00000005dbe80000, 0x0000000715580000)
  object space 457216K, 65% used [0x00000005c0000000,0x00000005d225ff48,0x00000005dbe80000)
 Metaspace       used 6610K, capacity 7282K, committed 7552K, reserved 1056768K
  class space    used 600K, capacity 618K, committed 640K, reserved 1048576K
}
Event: 25.596 GC heap before
{Heap before GC invocations=21 (full 4):
 PSYoungGen      total 514560K, used 500285K [0x0000000715580000, 0x000000073bf00000, 0x00000007c0000000)
  eden space 418816K, 100% used [0x0000000715580000,0x000000072ee80000,0x000000072ee80000)
  from space 95744K, 85% used [0x0000000735680000,0x000000073a60f550,0x000000073b400000)
  to   space 106496K, 0% used [0x000000072ee80000,0x000000072ee80000,0x0000000735680000)
 ParOldGen       total 457216K, used 297345K [0x00000005c0000000, 0x00000005dbe80000, 0x0000000715580000)
  object space 457216K, 65% used [0x00000005c0000000,0x00000005d22605b0,0x00000005dbe80000)
 Metaspace       used 6613K, capacity 7282K, committed 7552K, reserved 1056768K
  class space    used 601K, capacity 618K, committed 640K, reserved 1048576K
Event: 25.914 GC heap after
Heap after GC invocations=21 (full 4):
 PSYoungGen      total 525312K, used 106466K [0x0000000715580000, 0x0000000742b00000, 0x00000007c0000000)
  eden space 418816K, 0% used [0x0000000715580000,0x0000000715580000,0x000000072ee80000)
  from space 106496K, 99% used [0x000000072ee80000,0x0000000735678af0,0x0000000735680000)
  to   space 140288K, 0% used [0x000000073a200000,0x000000073a200000,0x0000000742b00000)
 ParOldGen       total 457216K, used 340095K [0x00000005c0000000, 0x00000005dbe80000, 0x0000000715580000)
  object space 457216K, 74% used [0x00000005c0000000,0x00000005d4c1fea0,0x00000005dbe80000)
 Metaspace       used 6613K, capacity 7282K, committed 7552K, reserved 1056768K
  class space    used 601K, capacity 618K, committed 640K, reserved 1048576K
}
Event: 27.307 GC heap before
{Heap before GC invocations=22 (full 4):
 PSYoungGen      total 525312K, used 525282K [0x0000000715580000, 0x0000000742b00000, 0x00000007c0000000)
  eden space 418816K, 100% used [0x0000000715580000,0x000000072ee80000,0x000000072ee80000)
  from space 106496K, 99% used [0x000000072ee80000,0x0000000735678af0,0x0000000735680000)
  to   space 140288K, 0% used [0x000000073a200000,0x000000073a200000,0x0000000742b00000)
 ParOldGen       total 457216K, used 340095K [0x00000005c0000000, 0x00000005dbe80000, 0x0000000715580000)
  object space 457216K, 74% used [0x00000005c0000000,0x00000005d4c1fea0,0x00000005dbe80000)
 Metaspace       used 6626K, capacity 7282K, committed 7552K, reserved 1056768K
  class space    used 602K, capacity 618K, committed 640K, reserved 1048576K
Event: 27.575 GC heap after
Heap after GC invocations=22 (full 4):
 PSYoungGen      total 587776K, used 116527K [0x0000000715580000, 0x0000000744f00000, 0x00000007c0000000)
  eden space 447488K, 0% used [0x0000000715580000,0x0000000715580000,0x0000000730a80000)
  from space 140288K, 83% used [0x000000073a200000,0x00000007413cbc68,0x0000000742b00000)
  to   space 155136K, 0% used [0x0000000730a80000,0x0000000730a80000,0x000000073a200000)
 ParOldGen       total 457216K, used 398780K [0x00000005c0000000, 0x00000005dbe80000, 0x0000000715580000)
  object space 457216K, 87% used [0x00000005c0000000,0x00000005d856f370,0x00000005dbe80000)
 Metaspace       used 6626K, capacity 7282K, committed 7552K, reserved 1056768K
  class space    used 602K, capacity 618K, committed 640K, reserved 1048576K
}
Event: 27.575 GC heap before
{Heap before GC invocations=23 (full 5):
 PSYoungGen      total 587776K, used 116527K [0x0000000715580000, 0x0000000744f00000, 0x00000007c0000000)
  eden space 447488K, 0% used [0x0000000715580000,0x0000000715580000,0x0000000730a80000)
  from space 140288K, 83% used [0x000000073a200000,0x00000007413cbc68,0x0000000742b00000)
  to   space 155136K, 0% used [0x0000000730a80000,0x0000000730a80000,0x000000073a200000)
 ParOldGen       total 457216K, used 398780K [0x00000005c0000000, 0x00000005dbe80000, 0x0000000715580000)
  object space 457216K, 87% used [0x00000005c0000000,0x00000005d856f370,0x00000005dbe80000)
 Metaspace       used 6626K, capacity 7282K, committed 7552K, reserved 1056768K
  class space    used 602K, capacity 618K, committed 640K, reserved 1048576K

