# JRE version: OpenJDK Runtime Environment (8.0_76-b03) (build 1.8.0_76-release-b03)
# Java VM: OpenJDK 64-Bit Server VM (25.76-b03 mixed mode windows-amd64 compressed oops)
Heap:
 PSYoungGen      total 634368K, used 139332K [0x0000000715580000, 0x000000074b700000, 0x00000007c0000000)
  eden space 473088K, 0% used [0x0000000715580000,0x0000000715580000,0x0000000732380000)
  from space 161280K, 86% used [0x0000000732380000,0x000000073ab913e0,0x000000073c100000)
  to   space 180224K, 0% used [0x0000000740700000,0x0000000740700000,0x000000074b700000)
 ParOldGen       total 609792K, used 553573K [0x00000005c0000000, 0x00000005e5380000, 0x0000000715580000)
  object space 609792K, 90% used [0x00000005c0000000,0x00000005e1c996c0,0x00000005e5380000)
 Metaspace       used 6618K, capacity 7282K, committed 7552K, reserved 1056768K
  class space    used 601K, capacity 618K, committed 640K, reserved 1048576K
GC Heap History (10 events):
Event: 26.642 GC heap after
Heap after GC invocations=20 (full 4):
 PSYoungGen      total 557568K, used 115700K [0x0000000715580000, 0x0000000742900000, 0x00000007c0000000)
  eden space 441856K, 0% used [0x0000000715580000,0x0000000715580000,0x0000000730500000)
  from space 115712K, 99% used [0x0000000738d00000,0x000000073fdfd0d0,0x000000073fe00000)
  to   space 139264K, 0% used [0x0000000730500000,0x0000000730500000,0x0000000738d00000)
 ParOldGen       total 360448K, used 304407K [0x00000005c0000000, 0x00000005d6000000, 0x0000000715580000)
  object space 360448K, 84% used [0x00000005c0000000,0x00000005d2945c58,0x00000005d6000000)
 Metaspace       used 6605K, capacity 7282K, committed 7552K, reserved 1056768K
  class space    used 600K, capacity 618K, committed 640K, reserved 1048576K
}
Event: 28.108 GC heap before
{Heap before GC invocations=21 (full 4):
 PSYoungGen      total 557568K, used 557556K [0x0000000715580000, 0x0000000742900000, 0x00000007c0000000)
  eden space 441856K, 100% used [0x0000000715580000,0x0000000730500000,0x0000000730500000)
  from space 115712K, 99% used [0x0000000738d00000,0x000000073fdfd0d0,0x000000073fe00000)
  to   space 139264K, 0% used [0x0000000730500000,0x0000000730500000,0x0000000738d00000)
 ParOldGen       total 360448K, used 304407K [0x00000005c0000000, 0x00000005d6000000, 0x0000000715580000)
  object space 360448K, 84% used [0x00000005c0000000,0x00000005d2945c58,0x00000005d6000000)
 Metaspace       used 6617K, capacity 7282K, committed 7552K, reserved 1056768K
  class space    used 601K, capacity 618K, committed 640K, reserved 1048576K
Event: 28.379 GC heap after
Heap after GC invocations=21 (full 4):
 PSYoungGen      total 581120K, used 68975K [0x0000000715580000, 0x0000000744700000, 0x00000007c0000000)
  eden space 441856K, 0% used [0x0000000715580000,0x0000000715580000,0x0000000730500000)
  from space 139264K, 49% used [0x0000000730500000,0x000000073485bc70,0x0000000738d00000)
  to   space 137216K, 0% used [0x000000073c100000,0x000000073c100000,0x0000000744700000)
 ParOldGen       total 420864K, used 420789K [0x00000005c0000000, 0x00000005d9b00000, 0x0000000715580000)
  object space 420864K, 99% used [0x00000005c0000000,0x00000005d9aed4f8,0x00000005d9b00000)
 Metaspace       used 6617K, capacity 7282K, committed 7552K, reserved 1056768K
  class space    used 601K, capacity 618K, committed 640K, reserved 1048576K
}
Event: 28.379 GC heap before
{Heap before GC invocations=22 (full 5):
 PSYoungGen      total 581120K, used 68975K [0x0000000715580000, 0x0000000744700000, 0x00000007c0000000)
  eden space 441856K, 0% used [0x0000000715580000,0x0000000715580000,0x0000000730500000)
  from space 139264K, 49% used [0x0000000730500000,0x000000073485bc70,0x0000000738d00000)
  to   space 137216K, 0% used [0x000000073c100000,0x000000073c100000,0x0000000744700000)
 ParOldGen       total 420864K, used 420789K [0x00000005c0000000, 0x00000005d9b00000, 0x0000000715580000)
  object space 420864K, 99% used [0x00000005c0000000,0x00000005d9aed4f8,0x00000005d9b00000)
 Metaspace       used 6617K, capacity 7282K, committed 7552K, reserved 1056768K
  class space    used 601K, capacity 618K, committed 640K, reserved 1048576K
Event: 31.227 GC heap after
Heap after GC invocations=22 (full 5):
 PSYoungGen      total 581120K, used 60987K [0x0000000715580000, 0x0000000744700000, 0x00000007c0000000)
  eden space 441856K, 0% used [0x0000000715580000,0x0000000715580000,0x0000000730500000)
  from space 139264K, 43% used [0x0000000730500000,0x000000073408eda0,0x0000000738d00000)
  to   space 137216K, 0% used [0x000000073c100000,0x000000073c100000,0x0000000744700000)
 ParOldGen       total 609792K, used 420746K [0x00000005c0000000, 0x00000005e5380000, 0x0000000715580000)
  object space 609792K, 68% used [0x00000005c0000000,0x00000005d9ae29f0,0x00000005e5380000)
 Metaspace       used 6617K, capacity 7282K, committed 7552K, reserved 1056768K
  class space    used 601K, capacity 618K, committed 640K, reserved 1048576K
}
Event: 37.997 GC heap before
{Heap before GC invocations=23 (full 5):
 PSYoungGen      total 581120K, used 502843K [0x0000000715580000, 0x0000000744700000, 0x00000007c0000000)
  eden space 441856K, 100% used [0x0000000715580000,0x0000000730500000,0x0000000730500000)
  from space 139264K, 43% used [0x0000000730500000,0x000000073408eda0,0x0000000738d00000)
  to   space 137216K, 0% used [0x000000073c100000,0x000000073c100000,0x0000000744700000)
 ParOldGen       total 609792K, used 420746K [0x00000005c0000000, 0x00000005e5380000, 0x0000000715580000)
  object space 609792K, 68% used [0x00000005c0000000,0x00000005d9ae29f0,0x00000005e5380000)
 Metaspace       used 6617K, capacity 7282K, committed 7552K, reserved 1056768K
  class space    used 601K, capacity 618K, committed 640K, reserved 1048576K
Event: 38.326 GC heap after
Heap after GC invocations=23 (full 5):
 PSYoungGen      total 610304K, used 137200K [0x0000000715580000, 0x0000000746e80000, 0x00000007c0000000)
  eden space 473088K, 0% used [0x0000000715580000,0x0000000715580000,0x0000000732380000)
  from space 137216K, 99% used [0x000000073c100000,0x00000007446fc2a8,0x0000000744700000)
  to   space 161280K, 0% used [0x0000000732380000,0x0000000732380000,0x000000073c100000)
 ParOldGen       total 609792K, used 423578K [0x00000005c0000000, 0x00000005e5380000, 0x0000000715580000)
  object space 609792K, 69% used [0x00000005c0000000,0x00000005d9da6aa0,0x00000005e5380000)
 Metaspace       used 6617K, capacity 7282K, committed 7552K, reserved 1056768K
  class space    used 601K, capacity 618K, committed 640K, reserved 1048576K
}
Event: 40.853 GC heap before
{Heap before GC invocations=24 (full 5):
 PSYoungGen      total 610304K, used 610288K [0x0000000715580000, 0x0000000746e80000, 0x00000007c0000000)
  eden space 473088K, 100% used [0x0000000715580000,0x0000000732380000,0x0000000732380000)
  from space 137216K, 99% used [0x000000073c100000,0x00000007446fc2a8,0x0000000744700000)
  to   space 161280K, 0% used [0x0000000732380000,0x0000000732380000,0x000000073c100000)
 ParOldGen       total 609792K, used 423578K [0x00000005c0000000, 0x00000005e5380000, 0x0000000715580000)
  object space 609792K, 69% used [0x00000005c0000000,0x00000005d9da6aa0,0x00000005e5380000)
 Metaspace       used 6618K, capacity 7282K, committed 7552K, reserved 1056768K
  class space    used 601K, capacity 618K, committed 640K, reserved 1048576K
Event: 41.140 GC heap after
Heap after GC invocations=24 (full 5):
 PSYoungGen      total 634368K, used 139332K [0x0000000715580000, 0x000000074b700000, 0x00000007c0000000)
  eden space 473088K, 0% used [0x0000000715580000,0x0000000715580000,0x0000000732380000)
  from space 161280K, 86% used [0x0000000732380000,0x000000073ab913e0,0x000000073c100000)
  to   space 180224K, 0% used [0x0000000740700000,0x0000000740700000,0x000000074b700000)
 ParOldGen       total 609792K, used 553573K [0x00000005c0000000, 0x00000005e5380000, 0x0000000715580000)
  object space 609792K, 90% used [0x00000005c0000000,0x00000005e1c996c0,0x00000005e5380000)
 Metaspace       used 6618K, capacity 7282K, committed 7552K, reserved 1056768K
  class space    used 601K, capacity 618K, committed 640K, reserved 1048576K
}
Event: 41.140 GC heap before
{Heap before GC invocations=25 (full 6):
 PSYoungGen      total 634368K, used 139332K [0x0000000715580000, 0x000000074b700000, 0x00000007c0000000)
  eden space 473088K, 0% used [0x0000000715580000,0x0000000715580000,0x0000000732380000)
  from space 161280K, 86% used [0x0000000732380000,0x000000073ab913e0,0x000000073c100000)
  to   space 180224K, 0% used [0x0000000740700000,0x0000000740700000,0x000000074b700000)
 ParOldGen       total 609792K, used 553573K [0x00000005c0000000, 0x00000005e5380000, 0x0000000715580000)
  object space 609792K, 90% used [0x00000005c0000000,0x00000005e1c996c0,0x00000005e5380000)
 Metaspace       used 6618K, capacity 7282K, committed 7552K, reserved 1056768K
  class space    used 601K, capacity 618K, committed 640K, reserved 1048576K

