# JRE version: OpenJDK Runtime Environment (8.0_76-b03) (build 1.8.0_76-release-b03)
# Java VM: OpenJDK 64-Bit Server VM (25.76-b03 mixed mode windows-amd64 compressed oops)
Heap:
 PSYoungGen      total 616960K, used 530816K [0x0000000715580000, 0x0000000746c80000, 0x00000007c0000000)
  eden space 465920K, 100% used [0x0000000715580000,0x0000000731c80000,0x0000000731c80000)
  from space 151040K, 42% used [0x000000073bf00000,0x000000073fe60070,0x0000000745280000)
  to   space 166400K, 99% used [0x0000000731c80000,0x000000073befa528,0x000000073bf00000)
 ParOldGen       total 665088K, used 547263K [0x00000005c0000000, 0x00000005e8980000, 0x0000000715580000)
  object space 665088K, 82% used [0x00000005c0000000,0x00000005e166fc38,0x00000005e8980000)
 Metaspace       used 6622K, capacity 7282K, committed 7552K, reserved 1056768K
  class space    used 602K, capacity 618K, committed 640K, reserved 1048576K
GC Heap History (10 events):
Event: 20.448 GC heap after
Heap after GC invocations=19 (full 4):
 PSYoungGen      total 469504K, used 33788K [0x0000000715580000, 0x000000073ca80000, 0x00000007c0000000)
  eden space 373760K, 0% used [0x0000000715580000,0x0000000715580000,0x000000072c280000)
  from space 95744K, 35% used [0x000000072c280000,0x000000072e37f2b0,0x0000000732000000)
  to   space 99328K, 0% used [0x0000000736980000,0x0000000736980000,0x000000073ca80000)
 ParOldGen       total 460288K, used 301052K [0x00000005c0000000, 0x00000005dc180000, 0x0000000715580000)
  object space 460288K, 65% used [0x00000005c0000000,0x00000005d25ff090,0x00000005dc180000)
 Metaspace       used 6602K, capacity 7282K, committed 7552K, reserved 1056768K
  class space    used 601K, capacity 618K, committed 640K, reserved 1048576K
}
Event: 22.188 GC heap before
{Heap before GC invocations=20 (full 4):
 PSYoungGen      total 469504K, used 407548K [0x0000000715580000, 0x000000073ca80000, 0x00000007c0000000)
  eden space 373760K, 100% used [0x0000000715580000,0x000000072c280000,0x000000072c280000)
  from space 95744K, 35% used [0x000000072c280000,0x000000072e37f2b0,0x0000000732000000)
  to   space 99328K, 0% used [0x0000000736980000,0x0000000736980000,0x000000073ca80000)
 ParOldGen       total 460288K, used 301052K [0x00000005c0000000, 0x00000005dc180000, 0x0000000715580000)
  object space 460288K, 65% used [0x00000005c0000000,0x00000005d25ff090,0x00000005dc180000)
 Metaspace       used 6604K, capacity 7282K, committed 7552K, reserved 1056768K
  class space    used 601K, capacity 618K, committed 640K, reserved 1048576K
Event: 22.468 GC heap after
Heap after GC invocations=20 (full 4):
 PSYoungGen      total 530944K, used 91304K [0x0000000715580000, 0x000000073db00000, 0x00000007c0000000)
  eden space 431616K, 0% used [0x0000000715580000,0x0000000715580000,0x000000072fb00000)
  from space 99328K, 91% used [0x0000000736980000,0x000000073c2aa078,0x000000073ca80000)
  to   space 113152K, 0% used [0x000000072fb00000,0x000000072fb00000,0x0000000736980000)
 ParOldGen       total 460288K, used 301060K [0x00000005c0000000, 0x00000005dc180000, 0x0000000715580000)
  object space 460288K, 65% used [0x00000005c0000000,0x00000005d2601090,0x00000005dc180000)
 Metaspace       used 6604K, capacity 7282K, committed 7552K, reserved 1056768K
  class space    used 601K, capacity 618K, committed 640K, reserved 1048576K
}
Event: 24.523 GC heap before
{Heap before GC invocations=21 (full 4):
 PSYoungGen      total 530944K, used 522920K [0x0000000715580000, 0x000000073db00000, 0x00000007c0000000)
  eden space 431616K, 100% used [0x0000000715580000,0x000000072fb00000,0x000000072fb00000)
  from space 99328K, 91% used [0x0000000736980000,0x000000073c2aa078,0x000000073ca80000)
  to   space 113152K, 0% used [0x000000072fb00000,0x000000072fb00000,0x0000000736980000)
 ParOldGen       total 460288K, used 301060K [0x00000005c0000000, 0x00000005dc180000, 0x0000000715580000)
  object space 460288K, 65% used [0x00000005c0000000,0x00000005d2601090,0x00000005dc180000)
 Metaspace       used 6619K, capacity 7282K, committed 7552K, reserved 1056768K
  class space    used 602K, capacity 618K, committed 640K, reserved 1048576K
Event: 24.804 GC heap after
Heap after GC invocations=21 (full 4):
 PSYoungGen      total 544768K, used 113147K [0x0000000715580000, 0x0000000745280000, 0x00000007c0000000)
  eden space 431616K, 0% used [0x0000000715580000,0x0000000715580000,0x000000072fb00000)
  from space 113152K, 99% used [0x000000072fb00000,0x000000073697ec18,0x0000000736980000)
  to   space 151040K, 0% used [0x000000073bf00000,0x000000073bf00000,0x0000000745280000)
 ParOldGen       total 460288K, used 351803K [0x00000005c0000000, 0x00000005dc180000, 0x0000000715580000)
  object space 460288K, 76% used [0x00000005c0000000,0x00000005d578ee80,0x00000005dc180000)
 Metaspace       used 6619K, capacity 7282K, committed 7552K, reserved 1056768K
  class space    used 602K, capacity 618K, committed 640K, reserved 1048576K
}
Event: 29.207 GC heap before
{Heap before GC invocations=22 (full 4):
 PSYoungGen      total 544768K, used 544763K [0x0000000715580000, 0x0000000745280000, 0x00000007c0000000)
  eden space 431616K, 100% used [0x0000000715580000,0x000000072fb00000,0x000000072fb00000)
  from space 113152K, 99% used [0x000000072fb00000,0x000000073697ec18,0x0000000736980000)
  to   space 151040K, 0% used [0x000000073bf00000,0x000000073bf00000,0x0000000745280000)
 ParOldGen       total 460288K, used 351803K [0x00000005c0000000, 0x00000005dc180000, 0x0000000715580000)
  object space 460288K, 76% used [0x00000005c0000000,0x00000005d578ee80,0x00000005dc180000)
 Metaspace       used 6622K, capacity 7282K, committed 7552K, reserved 1056768K
  class space    used 602K, capacity 618K, committed 640K, reserved 1048576K
Event: 29.454 GC heap after
Heap after GC invocations=22 (full 4):
 PSYoungGen      total 616960K, used 121619K [0x0000000715580000, 0x0000000746c80000, 0x00000007c0000000)
  eden space 465920K, 0% used [0x0000000715580000,0x0000000715580000,0x0000000731c80000)
  from space 151040K, 80% used [0x000000073bf00000,0x00000007435c4f00,0x0000000745280000)
  to   space 166400K, 0% used [0x0000000731c80000,0x0000000731c80000,0x000000073bf00000)
 ParOldGen       total 460288K, used 416582K [0x00000005c0000000, 0x00000005dc180000, 0x0000000715580000)
  object space 460288K, 90% used [0x00000005c0000000,0x00000005d96d1af0,0x00000005dc180000)
 Metaspace       used 6622K, capacity 7282K, committed 7552K, reserved 1056768K
  class space    used 602K, capacity 618K, committed 640K, reserved 1048576K
}
Event: 29.454 GC heap before
{Heap before GC invocations=23 (full 5):
 PSYoungGen      total 616960K, used 121619K [0x0000000715580000, 0x0000000746c80000, 0x00000007c0000000)
  eden space 465920K, 0% used [0x0000000715580000,0x0000000715580000,0x0000000731c80000)
  from space 151040K, 80% used [0x000000073bf00000,0x00000007435c4f00,0x0000000745280000)
  to   space 166400K, 0% used [0x0000000731c80000,0x0000000731c80000,0x000000073bf00000)
 ParOldGen       total 460288K, used 416582K [0x00000005c0000000, 0x00000005dc180000, 0x0000000715580000)
  object space 460288K, 90% used [0x00000005c0000000,0x00000005d96d1af0,0x00000005dc180000)
 Metaspace       used 6622K, capacity 7282K, committed 7552K, reserved 1056768K
  class space    used 602K, capacity 618K, committed 640K, reserved 1048576K
Event: 33.211 GC heap after
Heap after GC invocations=23 (full 5):
 PSYoungGen      total 616960K, used 64896K [0x0000000715580000, 0x0000000746c80000, 0x00000007c0000000)
  eden space 465920K, 0% used [0x0000000715580000,0x0000000715580000,0x0000000731c80000)
  from space 151040K, 42% used [0x000000073bf00000,0x000000073fe60070,0x0000000745280000)
  to   space 166400K, 0% used [0x0000000731c80000,0x0000000731c80000,0x000000073bf00000)
 ParOldGen       total 665088K, used 459943K [0x00000005c0000000, 0x00000005e8980000, 0x0000000715580000)
  object space 665088K, 69% used [0x00000005c0000000,0x00000005dc129e70,0x00000005e8980000)
 Metaspace       used 6622K, capacity 7282K, committed 7552K, reserved 1056768K
  class space    used 602K, capacity 618K, committed 640K, reserved 1048576K
}
Event: 35.414 GC heap before
{Heap before GC invocations=24 (full 5):
 PSYoungGen      total 616960K, used 530816K [0x0000000715580000, 0x0000000746c80000, 0x00000007c0000000)
  eden space 465920K, 100% used [0x0000000715580000,0x0000000731c80000,0x0000000731c80000)
  from space 151040K, 42% used [0x000000073bf00000,0x000000073fe60070,0x0000000745280000)
  to   space 166400K, 0% used [0x0000000731c80000,0x0000000731c80000,0x000000073bf00000)
 ParOldGen       total 665088K, used 459943K [0x00000005c0000000, 0x00000005e8980000, 0x0000000715580000)
  object space 665088K, 69% used [0x00000005c0000000,0x00000005dc129e70,0x00000005e8980000)
 Metaspace       used 6622K, capacity 7282K, committed 7552K, reserved 1056768K
  class space    used 602K, capacity 618K, committed 640K, reserved 1048576K

