# JRE version: OpenJDK Runtime Environment (8.0_76-b03) (build 1.8.0_76-release-b03)
# Java VM: OpenJDK 64-Bit Server VM (25.76-b03 mixed mode windows-amd64 compressed oops)
Heap:
 PSYoungGen      total 663552K, used 517300K [0x0000000715580000, 0x0000000752f80000, 0x00000007c0000000)
  eden space 324096K, 100% used [0x0000000715580000,0x0000000729200000,0x0000000729200000)
  from space 339456K, 56% used [0x000000073e080000,0x0000000749d2d268,0x0000000752c00000)
  to   space 342528K, 71% used [0x0000000729200000,0x0000000737f91cb8,0x000000073e080000)
 ParOldGen       total 862208K, used 665828K [0x00000005c0000000, 0x00000005f4a00000, 0x0000000715580000)
  object space 862208K, 77% used [0x00000005c0000000,0x00000005e8a390c8,0x00000005f4a00000)
 Metaspace       used 6639K, capacity 7282K, committed 7552K, reserved 1056768K
  class space    used 601K, capacity 618K, committed 640K, reserved 1048576K
GC Heap History (10 events):
Event: 42.644 GC heap after
Heap after GC invocations=30 (full 6):
 PSYoungGen      total 472576K, used 94400K [0x0000000715580000, 0x0000000749f00000, 0x00000007c0000000)
  eden space 307200K, 0% used [0x0000000715580000,0x0000000715580000,0x0000000728180000)
  from space 165376K, 57% used [0x0000000736b00000,0x000000073c7301a0,0x0000000740c80000)
  to   space 239104K, 0% used [0x0000000728180000,0x0000000728180000,0x0000000736b00000)
 ParOldGen       total 862208K, used 600100K [0x00000005c0000000, 0x00000005f4a00000, 0x0000000715580000)
  object space 862208K, 69% used [0x00000005c0000000,0x00000005e4a09048,0x00000005f4a00000)
 Metaspace       used 6639K, capacity 7282K, committed 7552K, reserved 1056768K
  class space    used 601K, capacity 618K, committed 640K, reserved 1048576K
}
Event: 44.366 GC heap before
{Heap before GC invocations=31 (full 6):
 PSYoungGen      total 472576K, used 401600K [0x0000000715580000, 0x0000000749f00000, 0x00000007c0000000)
  eden space 307200K, 100% used [0x0000000715580000,0x0000000728180000,0x0000000728180000)
  from space 165376K, 57% used [0x0000000736b00000,0x000000073c7301a0,0x0000000740c80000)
  to   space 239104K, 0% used [0x0000000728180000,0x0000000728180000,0x0000000736b00000)
 ParOldGen       total 862208K, used 600100K [0x00000005c0000000, 0x00000005f4a00000, 0x0000000715580000)
  object space 862208K, 69% used [0x00000005c0000000,0x00000005e4a09048,0x00000005f4a00000)
 Metaspace       used 6639K, capacity 7282K, committed 7552K, reserved 1056768K
  class space    used 601K, capacity 618K, committed 640K, reserved 1048576K
Event: 44.697 GC heap after
Heap after GC invocations=31 (full 6):
 PSYoungGen      total 546304K, used 178085K [0x0000000715580000, 0x0000000749480000, 0x00000007c0000000)
  eden space 307200K, 0% used [0x0000000715580000,0x0000000715580000,0x0000000728180000)
  from space 239104K, 74% used [0x0000000728180000,0x0000000732f69718,0x0000000736b00000)
  to   space 257536K, 0% used [0x0000000739900000,0x0000000739900000,0x0000000749480000)
 ParOldGen       total 862208K, used 619663K [0x00000005c0000000, 0x00000005f4a00000, 0x0000000715580000)
  object space 862208K, 71% used [0x00000005c0000000,0x00000005e5d23e38,0x00000005f4a00000)
 Metaspace       used 6639K, capacity 7282K, committed 7552K, reserved 1056768K
  class space    used 601K, capacity 618K, committed 640K, reserved 1048576K
}
Event: 45.098 GC heap before
{Heap before GC invocations=32 (full 6):
 PSYoungGen      total 546304K, used 485285K [0x0000000715580000, 0x0000000749480000, 0x00000007c0000000)
  eden space 307200K, 100% used [0x0000000715580000,0x0000000728180000,0x0000000728180000)
  from space 239104K, 74% used [0x0000000728180000,0x0000000732f69718,0x0000000736b00000)
  to   space 257536K, 0% used [0x0000000739900000,0x0000000739900000,0x0000000749480000)
 ParOldGen       total 862208K, used 619663K [0x00000005c0000000, 0x00000005f4a00000, 0x0000000715580000)
  object space 862208K, 71% used [0x00000005c0000000,0x00000005e5d23e38,0x00000005f4a00000)
 Metaspace       used 6639K, capacity 7282K, committed 7552K, reserved 1056768K
  class space    used 601K, capacity 618K, committed 640K, reserved 1048576K
Event: 45.330 GC heap after
Heap after GC invocations=32 (full 6):
 PSYoungGen      total 548352K, used 257532K [0x0000000715580000, 0x000000074f500000, 0x00000007c0000000)
  eden space 290816K, 0% used [0x0000000715580000,0x0000000715580000,0x0000000727180000)
  from space 257536K, 99% used [0x0000000739900000,0x000000074947f2a0,0x0000000749480000)
  to   space 302592K, 0% used [0x0000000727180000,0x0000000727180000,0x0000000739900000)
 ParOldGen       total 862208K, used 624311K [0x00000005c0000000, 0x00000005f4a00000, 0x0000000715580000)
  object space 862208K, 72% used [0x00000005c0000000,0x00000005e61adf58,0x00000005f4a00000)
 Metaspace       used 6639K, capacity 7282K, committed 7552K, reserved 1056768K
  class space    used 601K, capacity 618K, committed 640K, reserved 1048576K
}
Event: 46.326 GC heap before
{Heap before GC invocations=33 (full 6):
 PSYoungGen      total 548352K, used 548348K [0x0000000715580000, 0x000000074f500000, 0x00000007c0000000)
  eden space 290816K, 100% used [0x0000000715580000,0x0000000727180000,0x0000000727180000)
  from space 257536K, 99% used [0x0000000739900000,0x000000074947f2a0,0x0000000749480000)
  to   space 302592K, 0% used [0x0000000727180000,0x0000000727180000,0x0000000739900000)
 ParOldGen       total 862208K, used 624311K [0x00000005c0000000, 0x00000005f4a00000, 0x0000000715580000)
  object space 862208K, 72% used [0x00000005c0000000,0x00000005e61adf58,0x00000005f4a00000)
 Metaspace       used 6639K, capacity 7282K, committed 7552K, reserved 1056768K
  class space    used 601K, capacity 618K, committed 640K, reserved 1048576K
Event: 46.613 GC heap after
Heap after GC invocations=33 (full 6):
 PSYoungGen      total 593408K, used 264608K [0x0000000715580000, 0x0000000752c00000, 0x00000007c0000000)
  eden space 290816K, 0% used [0x0000000715580000,0x0000000715580000,0x0000000727180000)
  from space 302592K, 87% used [0x0000000727180000,0x00000007373e8180,0x0000000739900000)
  to   space 339456K, 0% used [0x000000073e080000,0x000000073e080000,0x0000000752c00000)
 ParOldGen       total 862208K, used 665828K [0x00000005c0000000, 0x00000005f4a00000, 0x0000000715580000)
  object space 862208K, 77% used [0x00000005c0000000,0x00000005e8a390c8,0x00000005f4a00000)
 Metaspace       used 6639K, capacity 7282K, committed 7552K, reserved 1056768K
  class space    used 601K, capacity 618K, committed 640K, reserved 1048576K
}
Event: 48.162 GC heap before
{Heap before GC invocations=34 (full 6):
 PSYoungGen      total 593408K, used 555424K [0x0000000715580000, 0x0000000752c00000, 0x00000007c0000000)
  eden space 290816K, 100% used [0x0000000715580000,0x0000000727180000,0x0000000727180000)
  from space 302592K, 87% used [0x0000000727180000,0x00000007373e8180,0x0000000739900000)
  to   space 339456K, 0% used [0x000000073e080000,0x000000073e080000,0x0000000752c00000)
 ParOldGen       total 862208K, used 665828K [0x00000005c0000000, 0x00000005f4a00000, 0x0000000715580000)
  object space 862208K, 77% used [0x00000005c0000000,0x00000005e8a390c8,0x00000005f4a00000)
 Metaspace       used 6639K, capacity 7282K, committed 7552K, reserved 1056768K
  class space    used 601K, capacity 618K, committed 640K, reserved 1048576K
Event: 48.348 GC heap after
Heap after GC invocations=34 (full 6):
 PSYoungGen      total 663552K, used 193204K [0x0000000715580000, 0x0000000752f80000, 0x00000007c0000000)
  eden space 324096K, 0% used [0x0000000715580000,0x0000000715580000,0x0000000729200000)
  from space 339456K, 56% used [0x000000073e080000,0x0000000749d2d268,0x0000000752c00000)
  to   space 342528K, 0% used [0x0000000729200000,0x0000000729200000,0x000000073e080000)
 ParOldGen       total 862208K, used 665828K [0x00000005c0000000, 0x00000005f4a00000, 0x0000000715580000)
  object space 862208K, 77% used [0x00000005c0000000,0x00000005e8a390c8,0x00000005f4a00000)
 Metaspace       used 6639K, capacity 7282K, committed 7552K, reserved 1056768K
  class space    used 601K, capacity 618K, committed 640K, reserved 1048576K
}
Event: 50.046 GC heap before
{Heap before GC invocations=35 (full 6):
 PSYoungGen      total 663552K, used 517300K [0x0000000715580000, 0x0000000752f80000, 0x00000007c0000000)
  eden space 324096K, 100% used [0x0000000715580000,0x0000000729200000,0x0000000729200000)
  from space 339456K, 56% used [0x000000073e080000,0x0000000749d2d268,0x0000000752c00000)
  to   space 342528K, 0% used [0x0000000729200000,0x0000000729200000,0x000000073e080000)
 ParOldGen       total 862208K, used 665828K [0x00000005c0000000, 0x00000005f4a00000, 0x0000000715580000)
  object space 862208K, 77% used [0x00000005c0000000,0x00000005e8a390c8,0x00000005f4a00000)
 Metaspace       used 6639K, capacity 7282K, committed 7552K, reserved 1056768K
  class space    used 601K, capacity 618K, committed 640K, reserved 1048576K

